#
# There is insufficient memory for the Java Runtime Environment to continue.
# Native memory allocation (malloc) failed to allocate 1048576 bytes for AllocateHeap
# Possible reasons:
#   The system is out of physical RAM or swap space
#   The process is running with CompressedOops enabled, and the Java Heap may be blocking the growth of the native heap
# Possible solutions:
#   Reduce memory load on the system
#   Increase physical memory or swap space
#   Check if swap backing store is full
#   Decrease Java heap size (-Xmx/-Xms)
#   Decrease number of Java threads
#   Decrease Java thread stack sizes (-Xss)
#   Set larger code cache with -XX:ReservedCodeCacheSize=
#   JVM is running with Unscaled Compressed Oops mode in which the Java heap is
#     placed in the first 4GB address space. The Java Heap base address is the
#     maximum limit for the native heap growth. Please use -XX:HeapBaseMinAddress
#     to set the Java Heap base and to place the Java Heap above 4GB virtual address.
# This output file may be truncated or incomplete.
#
#  Out of Memory Error (./src/hotspot/share/memory/allocation.cpp:46), pid=2864, tid=2724
#
# JRE version: OpenJDK Runtime Environment Temurin-11.0.16+8 (11.0.16+8) (build 11.0.16+8)
# Java VM: OpenJDK 64-Bit Server VM Temurin-11.0.16+8 (11.0.16+8, mixed mode, tiered, compressed oops, g1 gc, windows-amd64)
# No core dump will be written. Minidumps are not enabled by default on client versions of Windows
#

---------------  S U M M A R Y ------------

Command Line: -Dmaven.multiModuleProjectDirectory=D:\IdeaProjects\statistics -Dmaven.home=C:\Program Files\JetBrains\IntelliJ IDEA Community Edition 2022.2.1\plugins\maven\lib\maven3 -Dclassworlds.conf=C:\Program Files\JetBrains\IntelliJ IDEA Community Edition 2022.2.1\plugins\maven\lib\maven3\bin\m2.conf -Dmaven.ext.class.path=C:\Program Files\JetBrains\IntelliJ IDEA Community Edition 2022.2.1\plugins\maven\lib\maven-event-listener.jar -javaagent:C:\Program Files\JetBrains\IntelliJ IDEA Community Edition 2022.2.1\lib\idea_rt.jar=59888:C:\Program Files\JetBrains\IntelliJ IDEA Community Edition 2022.2.1\bin -Dfile.encoding=UTF-8 org.codehaus.classworlds.Launcher -Didea.version=2022.2.1 clean verify

Host: Intel(R) Core(TM) i3-5005U CPU @ 2.00GHz, 4 cores, 5G,  Windows 10 , 64 bit Build 19041 (10.0.19041.1889)
Time: Thu Oct 20 14:40:19 2022 RTZ 4 (s 10 , 64 bit Build 19041 (10.0.19041.1889) elapsed time: 3.951691 seconds (0d 0h 0m 3s)

---------------  T H R E A D  ---------------

Current thread (0x000001e5fd8bc000):  VMThread "VM Thread" [stack: 0x00000076fe300000,0x00000076fe400000] [id=2724]

Stack: [0x00000076fe300000,0x00000076fe400000]
[error occurred during error reporting (printing stack bounds), id 0xc0000005, EXCEPTION_ACCESS_VIOLATION (0xc0000005) at pc=0x000001e58000112d]

Native frames: (J=compiled Java code, j=interpreted, Vv=VM code, C=native code)
V  [jvm.dll+0x61f1da]
V  [jvm.dll+0x7abc69]
V  [jvm.dll+0x7ad358]
V  [jvm.dll+0x7ad995]
V  [jvm.dll+0x7ad94b]
V  [jvm.dll+0x61e567]
V  [jvm.dll+0x61ec78]
C  [ntdll.dll+0xa241f]
C  [ntdll.dll+0x514a4]
C  [ntdll.dll+0xa0f4e]
C  0x000001e58000112d

VM_Operation (0x00000076fddfa410): CollectForMetadataAllocation, mode: safepoint, requested by thread 0x000001e5ed529000


---------------  P R O C E S S  ---------------

Threads class SMR info:
_java_thread_list=0x000001e5fe7746e0, length=11, elements={
0x000001e5ed529000, 0x000001e5fd8e1000, 0x000001e5fd8ea800, 0x000001e5fd8fe000,
0x000001e5fd8fe800, 0x000001e5fd900000, 0x000001e5fd903000, 0x000001e5fd907000,
0x000001e5fd908000, 0x000001e5fd875000, 0x000001e5fe4aa800
}

Java Threads: ( => current thread )
  0x000001e5ed529000 JavaThread "main" [_thread_blocked, id=1684, stack(0x00000076fdd00000,0x00000076fde00000)]
  0x000001e5fd8e1000 JavaThread "Reference Handler" daemon [_thread_blocked, id=12000, stack(0x00000076fe400000,0x00000076fe500000)]
  0x000001e5fd8ea800 JavaThread "Finalizer" daemon [_thread_blocked, id=4632, stack(0x00000076fe500000,0x00000076fe600000)]
  0x000001e5fd8fe000 JavaThread "Signal Dispatcher" daemon [_thread_blocked, id=9984, stack(0x00000076fe600000,0x00000076fe700000)]
  0x000001e5fd8fe800 JavaThread "Attach Listener" daemon [_thread_blocked, id=11576, stack(0x00000076fe700000,0x00000076fe800000)]
  0x000001e5fd900000 JavaThread "Service Thread" daemon [_thread_blocked, id=5860, stack(0x00000076fe800000,0x00000076fe900000)]
  0x000001e5fd903000 JavaThread "C2 CompilerThread0" daemon [_thread_blocked, id=9664, stack(0x00000076fe900000,0x00000076fea00000)]
  0x000001e5fd907000 JavaThread "C1 CompilerThread0" daemon [_thread_blocked, id=9192, stack(0x00000076fea00000,0x00000076feb00000)]
  0x000001e5fd908000 JavaThread "Sweeper thread" daemon [_thread_blocked, id=452, stack(0x00000076feb00000,0x00000076fec00000)]
  0x000001e5fd875000 JavaThread "Common-Cleaner" daemon [_thread_blocked, id=6352, stack(0x00000076fec00000,0x00000076fed00000)]
  0x000001e5fe4aa800 JavaThread "Monitor Ctrl-Break" daemon [_thread_in_native, id=10576, stack(0x00000076fed00000,0x00000076fee00000)]

Other Threads:
=>0x000001e5fd8bc000 VMThread "VM Thread" [stack: 0x00000076fe300000,0x00000076fe400000] [id=2724]
  0x000001e5fe4ab800 WatcherThread [stack: 0x00000076fee00000,0x00000076fef00000] [id=6260]
  0x000001e5ed543000 GCTaskThread "GC Thread#0" [stack: 0x00000076fde00000,0x00000076fdf00000] [id=6988]
  0x000001e5fed61000 GCTaskThread "GC Thread#1" [stack: 0x00000076fef00000,0x00000076ff000000] [id=11316]
  0x000001e5ed568800 ConcurrentGCThread "G1 Main Marker" [stack: 0x00000076fdf00000,0x00000076fe000000] [id=7496]
  0x000001e5ed56a000 ConcurrentGCThread "G1 Conc#0" [stack: 0x00000076fe000000,0x00000076fe100000] [id=10976]
  0x000001e5ed5e0800 ConcurrentGCThread "G1 Refine#0" [stack: 0x00000076fe100000,0x00000076fe200000] [id=5524]
  0x000001e5ed5e2800 ConcurrentGCThread "G1 Young RemSet Sampling" [stack: 0x00000076fe200000,0x00000076fe300000] [id=11656]

Threads with active compile tasks:

VM state:at safepoint (normal execution)

VM Mutex/Monitor currently owned by a thread:  ([mutex/lock_event])
[0x000001e5ed524c20] Threads_lock - owner thread: 0x000001e5fd8bc000
[0x000001e5ed525c70] Heap_lock - owner thread: 0x000001e5ed529000

Heap address: 0x00000000a1800000, size: 1512 MB, Compressed Oops mode: 32-bit
Narrow klass base: 0x0000000000000000, Narrow klass shift: 3
Compressed class space size: 1073741824 Address: 0x0000000100000000

Heap:
 garbage-first heap   total 98304K, used 6550K [0x00000000a1800000, 0x0000000100000000)
  region size 1024K, 3 young (3072K), 3 survivors (3072K)
 Metaspace       used 20750K, capacity 21083K, committed 21296K, reserved 1073152K
  class space    used 2194K, capacity 2326K, committed 2432K, reserved 1048576K
Heap Regions: E=young(eden), S=young(survivor), O=old, HS=humongous(starts), HC=humongous(continues), CS=collection set, F=free, A=archive, TAMS=top-at-mark-start (previous, next)
|   0|0x00000000a1800000, 0x00000000a1900000, 0x00000000a1900000|100%| O|  |TAMS 0x00000000a1800000, 0x00000000a1900000| Untracked 
|   1|0x00000000a1900000, 0x00000000a1a00000, 0x00000000a1a00000|100%| O|  |TAMS 0x00000000a1900000, 0x00000000a1a00000| Untracked 
|   2|0x00000000a1a00000, 0x00000000a1b00000, 0x00000000a1b00000|100%| O|  |TAMS 0x00000000a1a00000, 0x00000000a1b00000| Untracked 
|   3|0x00000000a1b00000, 0x00000000a1b70c00, 0x00000000a1c00000| 44%| O|  |TAMS 0x00000000a1b00000, 0x00000000a1b70c00| Untracked 
|   4|0x00000000a1c00000, 0x00000000a1c00000, 0x00000000a1d00000|  0%| F|  |TAMS 0x00000000a1c00000, 0x00000000a1c00000| Untracked 
|   5|0x00000000a1d00000, 0x00000000a1d00000, 0x00000000a1e00000|  0%| F|  |TAMS 0x00000000a1d00000, 0x00000000a1d00000| Untracked 
|   6|0x00000000a1e00000, 0x00000000a1e00000, 0x00000000a1f00000|  0%| F|  |TAMS 0x00000000a1e00000, 0x00000000a1e00000| Untracked 
|   7|0x00000000a1f00000, 0x00000000a1f00000, 0x00000000a2000000|  0%| F|  |TAMS 0x00000000a1f00000, 0x00000000a1f00000| Untracked 
|   8|0x00000000a2000000, 0x00000000a2000000, 0x00000000a2100000|  0%| F|  |TAMS 0x00000000a2000000, 0x00000000a2000000| Untracked 
|   9|0x00000000a2100000, 0x00000000a2100000, 0x00000000a2200000|  0%| F|  |TAMS 0x00000000a2100000, 0x00000000a2100000| Untracked 
|  10|0x00000000a2200000, 0x00000000a2200000, 0x00000000a2300000|  0%| F|  |TAMS 0x00000000a2200000, 0x00000000a2200000| Untracked 
|  11|0x00000000a2300000, 0x00000000a2300000, 0x00000000a2400000|  0%| F|  |TAMS 0x00000000a2300000, 0x00000000a2300000| Untracked 
|  12|0x00000000a2400000, 0x00000000a2400000, 0x00000000a2500000|  0%| F|  |TAMS 0x00000000a2400000, 0x00000000a2400000| Untracked 
|  13|0x00000000a2500000, 0x00000000a2500000, 0x00000000a2600000|  0%| F|  |TAMS 0x00000000a2500000, 0x00000000a2500000| Untracked 
|  14|0x00000000a2600000, 0x00000000a2600000, 0x00000000a2700000|  0%| F|  |TAMS 0x00000000a2600000, 0x00000000a2600000| Untracked 
|  15|0x00000000a2700000, 0x00000000a2700000, 0x00000000a2800000|  0%| F|  |TAMS 0x00000000a2700000, 0x00000000a2700000| Untracked 
|  16|0x00000000a2800000, 0x00000000a2800000, 0x00000000a2900000|  0%| F|  |TAMS 0x00000000a2800000, 0x00000000a2800000| Untracked 
|  17|0x00000000a2900000, 0x00000000a2900000, 0x00000000a2a00000|  0%| F|  |TAMS 0x00000000a2900000, 0x00000000a2900000| Untracked 
|  18|0x00000000a2a00000, 0x00000000a2a00000, 0x00000000a2b00000|  0%| F|  |TAMS 0x00000000a2a00000, 0x00000000a2a00000| Untracked 
|  19|0x00000000a2b00000, 0x00000000a2b00000, 0x00000000a2c00000|  0%| F|  |TAMS 0x00000000a2b00000, 0x00000000a2b00000| Untracked 
|  20|0x00000000a2c00000, 0x00000000a2c00000, 0x00000000a2d00000|  0%| F|  |TAMS 0x00000000a2c00000, 0x00000000a2c00000| Untracked 
|  21|0x00000000a2d00000, 0x00000000a2d00000, 0x00000000a2e00000|  0%| F|  |TAMS 0x00000000a2d00000, 0x00000000a2d00000| Untracked 
|  22|0x00000000a2e00000, 0x00000000a2e00000, 0x00000000a2f00000|  0%| F|  |TAMS 0x00000000a2e00000, 0x00000000a2e00000| Untracked 
|  23|0x00000000a2f00000, 0x00000000a2f00000, 0x00000000a3000000|  0%| F|  |TAMS 0x00000000a2f00000, 0x00000000a2f00000| Untracked 
|  24|0x00000000a3000000, 0x00000000a3000000, 0x00000000a3100000|  0%| F|  |TAMS 0x00000000a3000000, 0x00000000a3000000| Untracked 
|  25|0x00000000a3100000, 0x00000000a3100000, 0x00000000a3200000|  0%| F|  |TAMS 0x00000000a3100000, 0x00000000a3100000| Untracked 
|  26|0x00000000a3200000, 0x00000000a3200000, 0x00000000a3300000|  0%| F|  |TAMS 0x00000000a3200000, 0x00000000a3200000| Untracked 
|  27|0x00000000a3300000, 0x00000000a3300000, 0x00000000a3400000|  0%| F|  |TAMS 0x00000000a3300000, 0x00000000a3300000| Untracked 
|  28|0x00000000a3400000, 0x00000000a3400000, 0x00000000a3500000|  0%| F|  |TAMS 0x00000000a3400000, 0x00000000a3400000| Untracked 
|  29|0x00000000a3500000, 0x00000000a3500000, 0x00000000a3600000|  0%| F|  |TAMS 0x00000000a3500000, 0x00000000a3500000| Untracked 
|  30|0x00000000a3600000, 0x00000000a3600000, 0x00000000a3700000|  0%| F|  |TAMS 0x00000000a3600000, 0x00000000a3600000| Untracked 
|  31|0x00000000a3700000, 0x00000000a3700000, 0x00000000a3800000|  0%| F|  |TAMS 0x00000000a3700000, 0x00000000a3700000| Untracked 
|  32|0x00000000a3800000, 0x00000000a3800000, 0x00000000a3900000|  0%| F|  |TAMS 0x00000000a3800000, 0x00000000a3800000| Untracked 
|  33|0x00000000a3900000, 0x00000000a3900000, 0x00000000a3a00000|  0%| F|  |TAMS 0x00000000a3900000, 0x00000000a3900000| Untracked 
|  34|0x00000000a3a00000, 0x00000000a3a00000, 0x00000000a3b00000|  0%| F|  |TAMS 0x00000000a3a00000, 0x00000000a3a00000| Untracked 
|  35|0x00000000a3b00000, 0x00000000a3b00000, 0x00000000a3c00000|  0%| F|  |TAMS 0x00000000a3b00000, 0x00000000a3b00000| Untracked 
|  36|0x00000000a3c00000, 0x00000000a3c00000, 0x00000000a3d00000|  0%| F|  |TAMS 0x00000000a3c00000, 0x00000000a3c00000| Untracked 
|  37|0x00000000a3d00000, 0x00000000a3d00000, 0x00000000a3e00000|  0%| F|  |TAMS 0x00000000a3d00000, 0x00000000a3d00000| Untracked 
|  38|0x00000000a3e00000, 0x00000000a3e00000, 0x00000000a3f00000|  0%| F|  |TAMS 0x00000000a3e00000, 0x00000000a3e00000| Untracked 
|  39|0x00000000a3f00000, 0x00000000a3f00000, 0x00000000a4000000|  0%| F|  |TAMS 0x00000000a3f00000, 0x00000000a3f00000| Untracked 
|  40|0x00000000a4000000, 0x00000000a4000000, 0x00000000a4100000|  0%| F|  |TAMS 0x00000000a4000000, 0x00000000a4000000| Untracked 
|  41|0x00000000a4100000, 0x00000000a4100000, 0x00000000a4200000|  0%| F|  |TAMS 0x00000000a4100000, 0x00000000a4100000| Untracked 
|  42|0x00000000a4200000, 0x00000000a4200000, 0x00000000a4300000|  0%| F|  |TAMS 0x00000000a4200000, 0x00000000a4200000| Untracked 
|  43|0x00000000a4300000, 0x00000000a4300000, 0x00000000a4400000|  0%| F|  |TAMS 0x00000000a4300000, 0x00000000a4300000| Untracked 
|  44|0x00000000a4400000, 0x00000000a4400000, 0x00000000a4500000|  0%| F|  |TAMS 0x00000000a4400000, 0x00000000a4400000| Untracked 
|  45|0x00000000a4500000, 0x00000000a4500000, 0x00000000a4600000|  0%| F|  |TAMS 0x00000000a4500000, 0x00000000a4500000| Untracked 
|  46|0x00000000a4600000, 0x00000000a4600000, 0x00000000a4700000|  0%| F|  |TAMS 0x00000000a4600000, 0x00000000a4600000| Untracked 
|  47|0x00000000a4700000, 0x00000000a4700000, 0x00000000a4800000|  0%| F|  |TAMS 0x00000000a4700000, 0x00000000a4700000| Untracked 
|  48|0x00000000a4800000, 0x00000000a4800000, 0x00000000a4900000|  0%| F|  |TAMS 0x00000000a4800000, 0x00000000a4800000| Untracked 
|  49|0x00000000a4900000, 0x00000000a4900000, 0x00000000a4a00000|  0%| F|  |TAMS 0x00000000a4900000, 0x00000000a4900000| Untracked 
|  50|0x00000000a4a00000, 0x00000000a4a00000, 0x00000000a4b00000|  0%| F|  |TAMS 0x00000000a4a00000, 0x00000000a4a00000| Untracked 
|  51|0x00000000a4b00000, 0x00000000a4b00000, 0x00000000a4c00000|  0%| F|  |TAMS 0x00000000a4b00000, 0x00000000a4b00000| Untracked 
|  52|0x00000000a4c00000, 0x00000000a4c00000, 0x00000000a4d00000|  0%| F|  |TAMS 0x00000000a4c00000, 0x00000000a4c00000| Untracked 
|  53|0x00000000a4d00000, 0x00000000a4d00000, 0x00000000a4e00000|  0%| F|  |TAMS 0x00000000a4d00000, 0x00000000a4d00000| Untracked 
|  54|0x00000000a4e00000, 0x00000000a4e00000, 0x00000000a4f00000|  0%| F|  |TAMS 0x00000000a4e00000, 0x00000000a4e00000| Untracked 
|  55|0x00000000a4f00000, 0x00000000a4f00000, 0x00000000a5000000|  0%| F|  |TAMS 0x00000000a4f00000, 0x00000000a4f00000| Untracked 
|  56|0x00000000a5000000, 0x00000000a5000000, 0x00000000a5100000|  0%| F|  |TAMS 0x00000000a5000000, 0x00000000a5000000| Untracked 
|  57|0x00000000a5100000, 0x00000000a5100000, 0x00000000a5200000|  0%| F|  |TAMS 0x00000000a5100000, 0x00000000a5100000| Untracked 
|  58|0x00000000a5200000, 0x00000000a5200000, 0x00000000a5300000|  0%| F|  |TAMS 0x00000000a5200000, 0x00000000a5200000| Untracked 
|  59|0x00000000a5300000, 0x00000000a53f4fa8, 0x00000000a5400000| 95%| S|CS|TAMS 0x00000000a5300000, 0x00000000a5300000| Complete 
|  60|0x00000000a5400000, 0x00000000a5500000, 0x00000000a5500000|100%| S|CS|TAMS 0x00000000a5400000, 0x00000000a5400000| Complete 
|  61|0x00000000a5500000, 0x00000000a5600000, 0x00000000a5600000|100%| S|CS|TAMS 0x00000000a5500000, 0x00000000a5500000| Complete 
|  62|0x00000000a5600000, 0x00000000a5600000, 0x00000000a5700000|  0%| F|  |TAMS 0x00000000a5600000, 0x00000000a5600000| Untracked 
|  63|0x00000000a5700000, 0x00000000a5700000, 0x00000000a5800000|  0%| F|  |TAMS 0x00000000a5700000, 0x00000000a5700000| Untracked 
|  64|0x00000000a5800000, 0x00000000a5800000, 0x00000000a5900000|  0%| F|  |TAMS 0x00000000a5800000, 0x00000000a5800000| Untracked 
|  65|0x00000000a5900000, 0x00000000a5900000, 0x00000000a5a00000|  0%| F|  |TAMS 0x00000000a5900000, 0x00000000a5900000| Untracked 
|  66|0x00000000a5a00000, 0x00000000a5a00000, 0x00000000a5b00000|  0%| F|  |TAMS 0x00000000a5a00000, 0x00000000a5a00000| Untracked 
|  67|0x00000000a5b00000, 0x00000000a5b00000, 0x00000000a5c00000|  0%| F|  |TAMS 0x00000000a5b00000, 0x00000000a5b00000| Untracked 
|  68|0x00000000a5c00000, 0x00000000a5c00000, 0x00000000a5d00000|  0%| F|  |TAMS 0x00000000a5c00000, 0x00000000a5c00000| Untracked 
|  69|0x00000000a5d00000, 0x00000000a5d00000, 0x00000000a5e00000|  0%| F|  |TAMS 0x00000000a5d00000, 0x00000000a5d00000| Untracked 
|  70|0x00000000a5e00000, 0x00000000a5e00000, 0x00000000a5f00000|  0%| F|  |TAMS 0x00000000a5e00000, 0x00000000a5e00000| Untracked 
|  71|0x00000000a5f00000, 0x00000000a5f00000, 0x00000000a6000000|  0%| F|  |TAMS 0x00000000a5f00000, 0x00000000a5f00000| Untracked 
|  72|0x00000000a6000000, 0x00000000a6000000, 0x00000000a6100000|  0%| F|  |TAMS 0x00000000a6000000, 0x00000000a6000000| Untracked 
|  73|0x00000000a6100000, 0x00000000a6100000, 0x00000000a6200000|  0%| F|  |TAMS 0x00000000a6100000, 0x00000000a6100000| Untracked 
|  74|0x00000000a6200000, 0x00000000a6200000, 0x00000000a6300000|  0%| F|  |TAMS 0x00000000a6200000, 0x00000000a6200000| Untracked 
|  75|0x00000000a6300000, 0x00000000a6300000, 0x00000000a6400000|  0%| F|  |TAMS 0x00000000a6300000, 0x00000000a6300000| Untracked 
|  76|0x00000000a6400000, 0x00000000a6400000, 0x00000000a6500000|  0%| F|  |TAMS 0x00000000a6400000, 0x00000000a6400000| Untracked 
|  77|0x00000000a6500000, 0x00000000a6500000, 0x00000000a6600000|  0%| F|  |TAMS 0x00000000a6500000, 0x00000000a6500000| Untracked 
|  78|0x00000000a6600000, 0x00000000a6600000, 0x00000000a6700000|  0%| F|  |TAMS 0x00000000a6600000, 0x00000000a6600000| Untracked 
|  79|0x00000000a6700000, 0x00000000a6700000, 0x00000000a6800000|  0%| F|  |TAMS 0x00000000a6700000, 0x00000000a6700000| Untracked 
|  80|0x00000000a6800000, 0x00000000a6800000, 0x00000000a6900000|  0%| F|  |TAMS 0x00000000a6800000, 0x00000000a6800000| Untracked 
|  81|0x00000000a6900000, 0x00000000a6900000, 0x00000000a6a00000|  0%| F|  |TAMS 0x00000000a6900000, 0x00000000a6900000| Untracked 
|  82|0x00000000a6a00000, 0x00000000a6a00000, 0x00000000a6b00000|  0%| F|  |TAMS 0x00000000a6a00000, 0x00000000a6a00000| Untracked 
|  83|0x00000000a6b00000, 0x00000000a6b00000, 0x00000000a6c00000|  0%| F|  |TAMS 0x00000000a6b00000, 0x00000000a6b00000| Untracked 
|  84|0x00000000a6c00000, 0x00000000a6c00000, 0x00000000a6d00000|  0%| F|  |TAMS 0x00000000a6c00000, 0x00000000a6c00000| Untracked 
|  85|0x00000000a6d00000, 0x00000000a6d00000, 0x00000000a6e00000|  0%| F|  |TAMS 0x00000000a6d00000, 0x00000000a6d00000| Untracked 
|  86|0x00000000a6e00000, 0x00000000a6e00000, 0x00000000a6f00000|  0%| F|  |TAMS 0x00000000a6e00000, 0x00000000a6e00000| Untracked 
|  87|0x00000000a6f00000, 0x00000000a6f00000, 0x00000000a7000000|  0%| F|  |TAMS 0x00000000a6f00000, 0x00000000a6f00000| Untracked 
|  88|0x00000000a7000000, 0x00000000a7000000, 0x00000000a7100000|  0%| F|  |TAMS 0x00000000a7000000, 0x00000000a7000000| Untracked 
|  89|0x00000000a7100000, 0x00000000a7100000, 0x00000000a7200000|  0%| F|  |TAMS 0x00000000a7100000, 0x00000000a7100000| Untracked 
|  90|0x00000000a7200000, 0x00000000a7200000, 0x00000000a7300000|  0%| F|  |TAMS 0x00000000a7200000, 0x00000000a7200000| Untracked 
|  91|0x00000000a7300000, 0x00000000a7300000, 0x00000000a7400000|  0%| F|  |TAMS 0x00000000a7300000, 0x00000000a7300000| Untracked 
|  92|0x00000000a7400000, 0x00000000a7400000, 0x00000000a7500000|  0%| F|  |TAMS 0x00000000a7400000, 0x00000000a7400000| Untracked 
|  93|0x00000000a7500000, 0x00000000a7500000, 0x00000000a7600000|  0%| F|  |TAMS 0x00000000a7500000, 0x00000000a7500000| Untracked 
|  94|0x00000000a7600000, 0x00000000a7600000, 0x00000000a7700000|  0%| F|  |TAMS 0x00000000a7600000, 0x00000000a7600000| Untracked 
|  95|0x00000000a7700000, 0x00000000a7700000, 0x00000000a7800000|  0%| F|  |TAMS 0x00000000a7700000, 0x00000000a7700000| Untracked 

Card table byte_map: [0x000001e5f7d90000,0x000001e5f8090000] _byte_map_base: 0x000001e5f7884000

Marking Bits (Prev, Next): (CMBitMap*) 0x000001e5ed561b18, (CMBitMap*) 0x000001e5ed561b50
 Prev Bits: [0x000001e5f8390000, 0x000001e5f9b30000)
 Next Bits: [0x000001e5f9b30000, 0x000001e5fb2d0000)

Polling page: 0x000001e5ed610000

Metaspace:

Usage:
  Non-class:     18.32 MB capacity,    18.12 MB ( 99%) used,   177.22 KB ( <1%) free+waste,    24.25 KB ( <1%) overhead. 
      Class:      2.27 MB capacity,     2.14 MB ( 94%) used,   121.57 KB (  5%) free+waste,     9.81 KB ( <1%) overhead. 
       Both:     20.59 MB capacity,    20.26 MB ( 98%) used,   298.79 KB (  1%) free+waste,    34.06 KB ( <1%) overhead. 

Virtual space:
  Non-class space:       24.00 MB reserved,      18.42 MB ( 77%) committed 
      Class space:        1.00 GB reserved,       2.38 MB ( <1%) committed 
             Both:        1.02 GB reserved,      20.80 MB (  2%) committed 

Chunk freelists:
   Non-Class:  107.00 KB
       Class:  10.00 KB
        Both:  117.00 KB

MaxMetaspaceSize: 17179869184.00 GB
CompressedClassSpaceSize: 1.00 GB
Initial GC threshold: 20.80 MB
Current GC threshold: 21.12 MB
CDS: off

CodeHeap 'non-profiled nmethods': size=120064Kb used=795Kb max_used=795Kb free=119268Kb
 bounds [0x000001e587ac0000, 0x000001e587d30000, 0x000001e58f000000]
CodeHeap 'profiled nmethods': size=120000Kb used=4371Kb max_used=4371Kb free=115628Kb
 bounds [0x000001e580590000, 0x000001e5809e0000, 0x000001e587ac0000]
CodeHeap 'non-nmethods': size=5696Kb used=1159Kb max_used=1173Kb free=4536Kb
 bounds [0x000001e580000000, 0x000001e580270000, 0x000001e580590000]
 total_blobs=2605 nmethods=2188 adapters=329
 compilation: enabled
              stopped_count=0, restarted_count=0
 full_count=0

Compilation events (20 events):
Event: 3.924 Thread 0x000001e5fd907000 2178       3       java.util.concurrent.TimeUnit::convert (77 bytes)
Event: 3.925 Thread 0x000001e5fd907000 nmethod 2178 0x000001e5809cf990 code [0x000001e5809cfba0, 0x000001e5809cfee8]
Event: 3.925 Thread 0x000001e5fd907000 2182       3       com.google.common.cache.LocalCache$StrongValueReference::<init> (10 bytes)
Event: 3.925 Thread 0x000001e5fd907000 nmethod 2182 0x000001e5809d0090 code [0x000001e5809d0240, 0x000001e5809d03f8]
Event: 3.925 Thread 0x000001e5fd907000 2183       3       com.google.common.cache.LocalCache$Segment::recordWrite (72 bytes)
Event: 3.926 Thread 0x000001e5fd907000 nmethod 2183 0x000001e5809d0490 code [0x000001e5809d06e0, 0x000001e5809d0fc8]
Event: 3.926 Thread 0x000001e5fd907000 2184       3       com.google.common.cache.LocalCache$LoadingValueReference::notifyNewValue (21 bytes)
Event: 3.927 Thread 0x000001e5fd907000 nmethod 2184 0x000001e5809d1290 code [0x000001e5809d1460, 0x000001e5809d1768]
Event: 3.927 Thread 0x000001e5fd907000 2185       3       com.google.common.cache.LocalCache$Segment::evictEntries (106 bytes)
Event: 3.928 Thread 0x000001e5fd907000 nmethod 2185 0x000001e5809d1890 code [0x000001e5809d1b40, 0x000001e5809d2618]
Event: 3.928 Thread 0x000001e5fd907000 2188       1       org.eclipse.sisu.inject.MildKeys$Weak::hashCode (5 bytes)
Event: 3.928 Thread 0x000001e5fd907000 nmethod 2188 0x000001e587b86610 code [0x000001e587b867c0, 0x000001e587b86878]
Event: 3.928 Thread 0x000001e5fd907000 2187       1       java.util.concurrent.atomic.AtomicReference::set (6 bytes)
Event: 3.929 Thread 0x000001e5fd907000 nmethod 2187 0x000001e587b86910 code [0x000001e587b86ac0, 0x000001e587b86bd8]
Event: 3.930 Thread 0x000001e5fd907000 2189   !   3       java.nio.charset.Charset::defaultCharset (53 bytes)
Event: 3.931 Thread 0x000001e5fd907000 nmethod 2189 0x000001e5809d2990 code [0x000001e5809d2c00, 0x000001e5809d36e8]
Event: 3.931 Thread 0x000001e5fd907000 2190       3       java.util.AbstractCollection::addAll (42 bytes)
Event: 3.932 Thread 0x000001e5fd907000 nmethod 2190 0x000001e5809d3a90 code [0x000001e5809d3c80, 0x000001e5809d4178]
Event: 3.934 Thread 0x000001e5fd907000 2191       3       java.util.ArrayList::addAll (76 bytes)
Event: 3.934 Thread 0x000001e5fd907000 nmethod 2191 0x000001e5809d4310 code [0x000001e5809d4520, 0x000001e5809d4b18]

GC Heap History (8 events):
Event: 1.862 GC heap before
{Heap before GC invocations=0 (full 0):
 garbage-first heap   total 98304K, used 13312K [0x00000000a1800000, 0x0000000100000000)
  region size 1024K, 14 young (14336K), 0 survivors (0K)
 Metaspace       used 11554K, capacity 11776K, committed 11904K, reserved 1060864K
  class space    used 1069K, capacity 1139K, committed 1152K, reserved 1048576K
}
Event: 1.874 GC heap after
{Heap after GC invocations=1 (full 0):
 garbage-first heap   total 98304K, used 3441K [0x00000000a1800000, 0x0000000100000000)
  region size 1024K, 2 young (2048K), 2 survivors (2048K)
 Metaspace       used 11554K, capacity 11776K, committed 11904K, reserved 1060864K
  class space    used 1069K, capacity 1139K, committed 1152K, reserved 1048576K
}
Event: 2.164 GC heap before
{Heap before GC invocations=1 (full 0):
 garbage-first heap   total 98304K, used 9585K [0x00000000a1800000, 0x0000000100000000)
  region size 1024K, 8 young (8192K), 2 survivors (2048K)
 Metaspace       used 13273K, capacity 13580K, committed 13696K, reserved 1060864K
  class space    used 1291K, capacity 1399K, committed 1408K, reserved 1048576K
}
Event: 2.170 GC heap after
{Heap after GC invocations=2 (full 0):
 garbage-first heap   total 98304K, used 3882K [0x00000000a1800000, 0x0000000100000000)
  region size 1024K, 1 young (1024K), 1 survivors (1024K)
 Metaspace       used 13273K, capacity 13580K, committed 13696K, reserved 1060864K
  class space    used 1291K, capacity 1399K, committed 1408K, reserved 1048576K
}
Event: 2.780 GC heap before
{Heap before GC invocations=2 (full 0):
 garbage-first heap   total 98304K, used 27434K [0x00000000a1800000, 0x0000000100000000)
  region size 1024K, 24 young (24576K), 1 survivors (1024K)
 Metaspace       used 15378K, capacity 15634K, committed 15744K, reserved 1062912K
  class space    used 1550K, capacity 1631K, committed 1664K, reserved 1048576K
}
Event: 2.786 GC heap after
{Heap after GC invocations=3 (full 0):
 garbage-first heap   total 98304K, used 4641K [0x00000000a1800000, 0x0000000100000000)
  region size 1024K, 2 young (2048K), 2 survivors (2048K)
 Metaspace       used 15378K, capacity 15634K, committed 15744K, reserved 1062912K
  class space    used 1550K, capacity 1631K, committed 1664K, reserved 1048576K
}
Event: 3.935 GC heap before
{Heap before GC invocations=3 (full 0):
 garbage-first heap   total 98304K, used 36385K [0x00000000a1800000, 0x0000000100000000)
  region size 1024K, 34 young (34816K), 2 survivors (2048K)
 Metaspace       used 20750K, capacity 21083K, committed 21296K, reserved 1071104K
  class space    used 2194K, capacity 2326K, committed 2432K, reserved 1048576K
}
Event: 3.947 GC heap after
{Heap after GC invocations=4 (full 0):
 garbage-first heap   total 98304K, used 6550K [0x00000000a1800000, 0x0000000100000000)
  region size 1024K, 3 young (3072K), 3 survivors (3072K)
 Metaspace       used 20750K, capacity 21083K, committed 21296K, reserved 1071104K
  class space    used 2194K, capacity 2326K, committed 2432K, reserved 1048576K
}

Deoptimization events (20 events):
Event: 3.635 Thread 0x000001e5ed529000 DEOPT PACKING pc=0x000001e587b269c4 sp=0x00000076fddf9ca0
Event: 3.635 Thread 0x000001e5ed529000 DEOPT UNPACKING pc=0x000001e58004a1af sp=0x00000076fddf9c28 mode 2
Event: 3.722 Thread 0x000001e5ed529000 Uncommon trap: trap_request=0xffffff4d fr.pc=0x000001e587b3cef4 relative=0x0000000000000534
Event: 3.722 Thread 0x000001e5ed529000 Uncommon trap: reason=unstable_if action=reinterpret pc=0x000001e587b3cef4 method=java.lang.String.replace(CC)Ljava/lang/String; @ 9 c2
Event: 3.722 Thread 0x000001e5ed529000 DEOPT PACKING pc=0x000001e587b3cef4 sp=0x00000076fddfdfa0
Event: 3.722 Thread 0x000001e5ed529000 DEOPT UNPACKING pc=0x000001e58004a1af sp=0x00000076fddfdf68 mode 2
Event: 3.722 Thread 0x000001e5ed529000 Uncommon trap: trap_request=0xffffff4d fr.pc=0x000001e587ad5964 relative=0x0000000000000044
Event: 3.722 Thread 0x000001e5ed529000 Uncommon trap: reason=unstable_if action=reinterpret pc=0x000001e587ad5964 method=java.lang.CharacterData.of(I)Ljava/lang/CharacterData; @ 4 c2
Event: 3.722 Thread 0x000001e5ed529000 DEOPT PACKING pc=0x000001e587ad5964 sp=0x00000076fddfdc10
Event: 3.722 Thread 0x000001e5ed529000 DEOPT UNPACKING pc=0x000001e58004a1af sp=0x00000076fddfdba8 mode 2
Event: 3.724 Thread 0x000001e5ed529000 Uncommon trap: trap_request=0xffffff4d fr.pc=0x000001e587ad21a4 relative=0x0000000000000084
Event: 3.724 Thread 0x000001e5ed529000 Uncommon trap: reason=unstable_if action=reinterpret pc=0x000001e587ad21a4 method=java.net.URI.match(CJJ)Z @ 32 c2
Event: 3.724 Thread 0x000001e5ed529000 DEOPT PACKING pc=0x000001e587ad21a4 sp=0x00000076fddfdc60
Event: 3.724 Thread 0x000001e5ed529000 DEOPT UNPACKING pc=0x000001e58004a1af sp=0x00000076fddfdbe0 mode 2
Event: 3.767 Thread 0x000001e5ed529000 DEOPT PACKING pc=0x000001e5807fbde4 sp=0x00000076fddfdb40
Event: 3.767 Thread 0x000001e5ed529000 DEOPT UNPACKING pc=0x000001e58004a95e sp=0x00000076fddfd008 mode 0
Event: 3.768 Thread 0x000001e5ed529000 Uncommon trap: trap_request=0xffffff4d fr.pc=0x000001e587b7b630 relative=0x0000000000000a70
Event: 3.768 Thread 0x000001e5ed529000 Uncommon trap: reason=unstable_if action=reinterpret pc=0x000001e587b7b630 method=sun.net.util.IPAddressUtil.scan(Ljava/lang/String;JJ[C)I @ 14 c2
Event: 3.768 Thread 0x000001e5ed529000 DEOPT PACKING pc=0x000001e587b7b630 sp=0x00000076fddfd7e0
Event: 3.768 Thread 0x000001e5ed529000 DEOPT UNPACKING pc=0x000001e58004a1af sp=0x00000076fddfd660 mode 2

Classes redefined (0 events):
No events

Internal exceptions (8 events):
Event: 0.509 Thread 0x000001e5ed529000 Exception <a 'java/security/PrivilegedActionException'{0x00000000a76cd788}> (0x00000000a76cd788) thrown at [./src/hotspot/share/prims/jvm.cpp, line 1306]
Event: 0.509 Thread 0x000001e5ed529000 Exception <a 'java/security/PrivilegedActionException'{0x00000000a76cda58}> (0x00000000a76cda58) thrown at [./src/hotspot/share/prims/jvm.cpp, line 1306]
Event: 0.768 Thread 0x000001e5ed529000 Exception <a 'java/lang/NoSuchMethodError'{0x00000000a735e1b8}: 'int java.lang.invoke.DirectMethodHandle$Holder.invokeSpecialIFC(java.lang.Object, java.lang.Object, int)'> (0x00000000a735e1b8) thrown at [./src/hotspot/share/interpreter/linkResolver.cpp, line 773]
Event: 0.848 Thread 0x000001e5ed529000 Exception <a 'java/lang/NoSuchMethodError'{0x00000000a7270c38}: 'java.lang.Object java.lang.invoke.DirectMethodHandle$Holder.invokeStaticInit(java.lang.Object, int, int, int, int)'> (0x00000000a7270c38) thrown at [./src/hotspot/share/interpreter/linkResolver.cpp, line 773]
Event: 1.109 Thread 0x000001e5ed529000 Exception <a 'java/lang/NoSuchMethodError'{0x00000000a72bbea8}: 'java.lang.Object java.lang.invoke.DirectMethodHandle$Holder.invokeStaticInit(java.lang.Object, java.lang.Object, int, int, int, int)'> (0x00000000a72bbea8) thrown at [./src/hotspot/share/interpreter/linkResolver.cpp, line 773]
Event: 3.488 Thread 0x000001e5ed529000 Exception <a 'java/lang/NoClassDefFoundError'{0x00000000a6370af0}: com/google/inject/servlet/ServletModuleTargetVisitor> (0x00000000a6370af0) thrown at [./src/hotspot/share/classfile/systemDictionary.cpp, line 219]
Event: 3.488 Thread 0x000001e5ed529000 Exception <a 'java/lang/NoClassDefFoundError'{0x00000000a6370af0}> (0x00000000a6370af0) thrown at [./src/hotspot/share/prims/jvm.cpp, line 1310]
Event: 3.488 Thread 0x000001e5ed529000 Exception <a 'java/lang/NoClassDefFoundError'{0x00000000a6373958}: javax/annotation/Priority> (0x00000000a6373958) thrown at [./src/hotspot/share/classfile/systemDictionary.cpp, line 219]

Events (20 events):
Event: 3.919 loading class org/apache/maven/lifecycle/internal/DefaultLifecycleMappingDelegate done
Event: 3.919 loading class org/apache/maven/lifecycle/internal/DefaultLifecycleMappingDelegate
Event: 3.919 loading class org/apache/maven/lifecycle/internal/DefaultLifecycleMappingDelegate done
Event: 3.920 loading class org/apache/maven/plugin/BuildPluginManager
Event: 3.920 loading class org/apache/maven/plugin/BuildPluginManager done
Event: 3.921 loading class org/apache/maven/lifecycle/internal/CompoundProjectExecutionListener
Event: 3.921 loading class org/apache/maven/lifecycle/internal/CompoundProjectExecutionListener done
Event: 3.922 loading class org/apache/maven/execution/ProjectExecutionEvent
Event: 3.922 loading class org/apache/maven/execution/ProjectExecutionEvent done
Event: 3.930 loading class org/apache/maven/lifecycle/internal/GoalTask
Event: 3.930 loading class org/apache/maven/lifecycle/internal/GoalTask done
Event: 3.932 loading class org/apache/maven/plugin/MojoExecution$Source
Event: 3.932 loading class org/apache/maven/plugin/MojoExecution$Source done
Event: 3.932 loading class java/util/TreeMap$Values
Event: 3.933 loading class java/util/TreeMap$Values done
Event: 3.933 loading class java/util/TreeMap$ValueIterator
Event: 3.933 loading class java/util/TreeMap$ValueIterator done
Event: 3.934 loading class org/apache/maven/plugin/DefaultPluginDescriptorCache$CacheKey
Event: 3.934 loading class org/apache/maven/plugin/DefaultPluginDescriptorCache$CacheKey done
Event: 3.935 Executing VM operation: CollectForMetadataAllocation


Dynamic libraries:
0x00007ff6faa80000 - 0x00007ff6faa8d000 	C:\Program Files\Eclipse Adoptium\jdk-11.0.16.8-hotspot\bin\java.exe
0x00007fff19af0000 - 0x00007fff19ce8000 	C:\WINDOWS\SYSTEM32\ntdll.dll
0x00007fff19700000 - 0x00007fff197bd000 	C:\WINDOWS\System32\KERNEL32.DLL
0x00007fff17200000 - 0x00007fff174d2000 	C:\WINDOWS\System32\KERNELBASE.dll
0x00007fff17880000 - 0x00007fff17980000 	C:\WINDOWS\System32\ucrtbase.dll
0x00007fff02d10000 - 0x00007fff02d25000 	C:\Program Files\Eclipse Adoptium\jdk-11.0.16.8-hotspot\bin\VCRUNTIME140.dll
0x00007fff03100000 - 0x00007fff03117000 	C:\Program Files\Eclipse Adoptium\jdk-11.0.16.8-hotspot\bin\jli.dll
0x00007ffefd750000 - 0x00007ffefd9ea000 	C:\WINDOWS\WinSxS\amd64_microsoft.windows.common-controls_6595b64144ccf1df_6.0.19041.1110_none_60b5254171f9507e\COMCTL32.dll
0x00007fff194d0000 - 0x00007fff1966d000 	C:\WINDOWS\System32\USER32.dll
0x00007fff17a80000 - 0x00007fff17aa2000 	C:\WINDOWS\System32\win32u.dll
0x00007fff19380000 - 0x00007fff1941e000 	C:\WINDOWS\System32\msvcrt.dll
0x00007fff199d0000 - 0x00007fff199fb000 	C:\WINDOWS\System32\GDI32.dll
0x00007fff17770000 - 0x00007fff1787f000 	C:\WINDOWS\System32\gdi32full.dll
0x00007fff17ab0000 - 0x00007fff17b4d000 	C:\WINDOWS\System32\msvcp_win.dll
0x00007fff196d0000 - 0x00007fff19700000 	C:\WINDOWS\System32\IMM32.DLL
0x00007ffef95c0000 - 0x00007ffef965b000 	C:\Program Files\Eclipse Adoptium\jdk-11.0.16.8-hotspot\bin\msvcp140.dll
0x00007ffec32b0000 - 0x00007ffec3e32000 	C:\Program Files\Eclipse Adoptium\jdk-11.0.16.8-hotspot\bin\server\jvm.dll
0x00007fff189c0000 - 0x00007fff18a6e000 	C:\WINDOWS\System32\ADVAPI32.dll
0x00007fff18ef0000 - 0x00007fff18f8c000 	C:\WINDOWS\System32\sechost.dll
0x00007fff19820000 - 0x00007fff19945000 	C:\WINDOWS\System32\RPCRT4.dll
0x00007fff18f90000 - 0x00007fff18f98000 	C:\WINDOWS\System32\PSAPI.DLL
0x00007fff115d0000 - 0x00007fff115d9000 	C:\WINDOWS\SYSTEM32\WSOCK32.dll
0x00007fff18fa0000 - 0x00007fff1900b000 	C:\WINDOWS\System32\WS2_32.dll
0x00007fff11b10000 - 0x00007fff11b37000 	C:\WINDOWS\SYSTEM32\WINMM.dll
0x00007fff0d650000 - 0x00007fff0d65a000 	C:\WINDOWS\SYSTEM32\VERSION.dll
0x00007fff15a80000 - 0x00007fff15a92000 	C:\WINDOWS\SYSTEM32\kernel.appcore.dll
0x00007fff0ea20000 - 0x00007fff0ea30000 	C:\Program Files\Eclipse Adoptium\jdk-11.0.16.8-hotspot\bin\verify.dll
0x00007fff14fc0000 - 0x00007fff151a4000 	C:\WINDOWS\SYSTEM32\DBGHELP.DLL
0x00007fff0f8b0000 - 0x00007fff0f8dc000 	C:\WINDOWS\SYSTEM32\dbgcore.DLL
0x00007fff179f0000 - 0x00007fff17a72000 	C:\WINDOWS\System32\bcryptPrimitives.dll
0x00007fff025f0000 - 0x00007fff02618000 	C:\Program Files\Eclipse Adoptium\jdk-11.0.16.8-hotspot\bin\java.dll
0x00007fff0ea00000 - 0x00007fff0ea0a000 	C:\Program Files\Eclipse Adoptium\jdk-11.0.16.8-hotspot\bin\jimage.dll
0x00007fff11600000 - 0x00007fff1160e000 	C:\Program Files\Eclipse Adoptium\jdk-11.0.16.8-hotspot\bin\instrument.dll
0x00007fff01a90000 - 0x00007fff01aa8000 	C:\Program Files\Eclipse Adoptium\jdk-11.0.16.8-hotspot\bin\zip.dll
0x00007fff18270000 - 0x00007fff189b3000 	C:\WINDOWS\System32\SHELL32.dll
0x00007fff151b0000 - 0x00007fff15941000 	C:\WINDOWS\SYSTEM32\windows.storage.dll
0x00007fff18b10000 - 0x00007fff18e64000 	C:\WINDOWS\System32\combase.dll
0x00007fff16c60000 - 0x00007fff16c90000 	C:\WINDOWS\SYSTEM32\Wldp.dll
0x00007fff19a00000 - 0x00007fff19aad000 	C:\WINDOWS\System32\SHCORE.dll
0x00007fff19670000 - 0x00007fff196c5000 	C:\WINDOWS\System32\shlwapi.dll
0x00007fff17140000 - 0x00007fff1715f000 	C:\WINDOWS\SYSTEM32\profapi.dll
0x00007fff01a70000 - 0x00007fff01a89000 	C:\Program Files\Eclipse Adoptium\jdk-11.0.16.8-hotspot\bin\net.dll
0x00007fff0da30000 - 0x00007fff0db3d000 	C:\WINDOWS\SYSTEM32\WINHTTP.dll
0x00007fff169c0000 - 0x00007fff16a2a000 	C:\WINDOWS\system32\mswsock.dll
0x00007fff01950000 - 0x00007fff01963000 	C:\Program Files\Eclipse Adoptium\jdk-11.0.16.8-hotspot\bin\nio.dll
0x00007fff0e0f0000 - 0x00007fff0e10a000 	C:\Program Files\JetBrains\IntelliJ IDEA Community Edition 2022.2.1\bin\breakgen64.dll
0x00007fff16bb0000 - 0x00007fff16bc8000 	C:\WINDOWS\SYSTEM32\CRYPTSP.dll
0x00007fff16270000 - 0x00007fff162a4000 	C:\WINDOWS\system32\rsaenh.dll
0x00007fff17690000 - 0x00007fff176b7000 	C:\WINDOWS\System32\bcrypt.dll
0x00007fff17100000 - 0x00007fff1712e000 	C:\WINDOWS\SYSTEM32\USERENV.dll
0x00007fff16bd0000 - 0x00007fff16bdc000 	C:\WINDOWS\SYSTEM32\CRYPTBASE.dll
0x00007fff16660000 - 0x00007fff1669b000 	C:\WINDOWS\SYSTEM32\IPHLPAPI.DLL
0x00007fff18a70000 - 0x00007fff18a78000 	C:\WINDOWS\System32\NSI.dll
0x00007fff0fd30000 - 0x00007fff0fd47000 	C:\WINDOWS\SYSTEM32\dhcpcsvc6.DLL
0x00007fff10340000 - 0x00007fff1035d000 	C:\WINDOWS\SYSTEM32\dhcpcsvc.DLL
0x00007fff166b0000 - 0x00007fff1677a000 	C:\WINDOWS\SYSTEM32\DNSAPI.dll
0x00007fff10b60000 - 0x00007fff10b6a000 	C:\Users\\AppData\Local\Temp\jansi-1.17.1-6453100868599386701.dll
0x00007fff0e0e0000 - 0x00007fff0e0ea000 	C:\Users\\AppData\Local\Temp\jansi-1.17.1-9268889298671064866.dll

dbghelp: loaded successfully - version: 4.0.5 - missing functions: none
symbol engine: initialized successfully - sym options: 0x614 - pdb path: .;C:\Program Files\Eclipse Adoptium\jdk-11.0.16.8-hotspot\bin;C:\WINDOWS\SYSTEM32;C:\WINDOWS\WinSxS\amd64_microsoft.windows.common-controls_6595b64144ccf1df_6.0.19041.1110_none_60b5254171f9507e;C:\Program Files\Eclipse Adoptium\jdk-11.0.16.8-hotspot\bin\server;C:\Program Files\JetBrains\IntelliJ IDEA Community Edition 2022.2.1\bin;C:\Users\\AppData\Local\Temp

VM Arguments:
jvm_args: -Dmaven.multiModuleProjectDirectory=D:\IdeaProjects\statistics -Dmaven.home=C:\Program Files\JetBrains\IntelliJ IDEA Community Edition 2022.2.1\plugins\maven\lib\maven3 -Dclassworlds.conf=C:\Program Files\JetBrains\IntelliJ IDEA Community Edition 2022.2.1\plugins\maven\lib\maven3\bin\m2.conf -Dmaven.ext.class.path=C:\Program Files\JetBrains\IntelliJ IDEA Community Edition 2022.2.1\plugins\maven\lib\maven-event-listener.jar -javaagent:C:\Program Files\JetBrains\IntelliJ IDEA Community Edition 2022.2.1\lib\idea_rt.jar=59888:C:\Program Files\JetBrains\IntelliJ IDEA Community Edition 2022.2.1\bin -Dfile.encoding=UTF-8 
java_command: org.codehaus.classworlds.Launcher -Didea.version=2022.2.1 clean verify
java_class_path (initial): C:\Program Files\JetBrains\IntelliJ IDEA Community Edition 2022.2.1\plugins\maven\lib\maven3\boot\plexus-classworlds-2.6.0.jar;C:\Program Files\JetBrains\IntelliJ IDEA Community Edition 2022.2.1\plugins\maven\lib\maven3\boot\plexus-classworlds.license
Launcher Type: SUN_STANDARD

[Global flags]
     intx CICompilerCount                          = 3                                         {product} {ergonomic}
     uint ConcGCThreads                            = 1                                         {product} {ergonomic}
     uint G1ConcRefinementThreads                  = 4                                         {product} {ergonomic}
   size_t G1HeapRegionSize                         = 1048576                                   {product} {ergonomic}
    uintx GCDrainStackTargetSize                   = 64                                        {product} {ergonomic}
   size_t InitialHeapSize                          = 100663296                                 {product} {ergonomic}
   size_t MarkStackSize                            = 4194304                                   {product} {ergonomic}
   size_t MaxHeapSize                              = 1585446912                                {product} {ergonomic}
   size_t MaxNewSize                               = 951058432                                 {product} {ergonomic}
   size_t MinHeapDeltaBytes                        = 1048576                                   {product} {ergonomic}
    uintx NonNMethodCodeHeapSize                   = 5830732                                {pd product} {ergonomic}
    uintx NonProfiledCodeHeapSize                  = 122913754                              {pd product} {ergonomic}
    uintx ProfiledCodeHeapSize                     = 122913754                              {pd product} {ergonomic}
    uintx ReservedCodeCacheSize                    = 251658240                              {pd product} {ergonomic}
     bool SegmentedCodeCache                       = true                                      {product} {ergonomic}
     bool UseCompressedClassPointers               = true                                 {lp64_product} {ergonomic}
     bool UseCompressedOops                        = true                                 {lp64_product} {ergonomic}
     bool UseG1GC                                  = true                                      {product} {ergonomic}
     bool UseLargePagesIndividualAllocation        = false                                  {pd product} {ergonomic}

Logging:
Log output configuration:
 #0: stdout all=warning uptime,level,tags
 #1: stderr all=off uptime,level,tags

Environment Variables:
PATH=C:\Program Files\Eclipse Adoptium\jdk-11.0.16.8-hotspot\bin;C:\WINDOWS\system32;C:\WINDOWS;C:\WINDOWS\System32\Wbem;C:\WINDOWS\System32\WindowsPowerShell\v1.0\;C:\WINDOWS\System32\OpenSSH\;C:\Program Files\Git\cmd;C:\Users\\AppData\Local\Microsoft\WindowsApps;;D:\Microsoft VS Code\bin
USERNAME=
OS=Windows_NT
PROCESSOR_IDENTIFIER=Intel64 Family 6 Model 61 Stepping 4, GenuineIntel
TMP=C:\Users\\AppData\Local\Temp
TEMP=C:\Users\\AppData\Local\Temp



---------------  S Y S T E M  ---------------

OS: Windows 10 , 64 bit Build 19041 (10.0.19041.1889)
OS uptime: 4 days 13:49 hours

CPU:total 4 (initial active 4) (2 cores per cpu, 2 threads per core) family 6 model 61 stepping 4 microcode 0x2d, cmov, cx8, fxsr, mmx, sse, sse2, sse3, ssse3, sse4.1, sse4.2, popcnt, avx, avx2, aes, clmul, erms, 3dnowpref, lzcnt, ht, tsc, tscinvbit, bmi1, bmi2, adx, fma

Memory: 4k page, system-wide physical 6043M (353M free)
TotalPageFile size 6043M (AvailPageFile size 3M)
current process WorkingSet (physical memory assigned to process): 107M, peak: 107M
current process commit charge ("private bytes"): 196M, peak: 197M

vm_info: OpenJDK 64-Bit Server VM (11.0.16+8) for windows-amd64 JRE (11.0.16+8), built on Jul 20 2022 07:15:32 by "" with MS VC++ 15.9 (VS2017)

END.
