#
# There is insufficient memory for the Java Runtime Environment to continue.
# Native memory allocation (malloc) failed to allocate 692816 bytes for Chunk::new
# Possible reasons:
#   The system is out of physical RAM or swap space
#   The process is running with CompressedOops enabled, and the Java Heap may be blocking the growth of the native heap
# Possible solutions:
#   Reduce memory load on the system
#   Increase physical memory or swap space
#   Check if swap backing store is full
#   Decrease Java heap size (-Xmx/-Xms)
#   Decrease number of Java threads
#   Decrease Java thread stack sizes (-Xss)
#   Set larger code cache with -XX:ReservedCodeCacheSize=
#   JVM is running with Unscaled Compressed Oops mode in which the Java heap is
#     placed in the first 4GB address space. The Java Heap base address is the
#     maximum limit for the native heap growth. Please use -XX:HeapBaseMinAddress
#     to set the Java Heap base and to place the Java Heap above 4GB virtual address.
# This output file may be truncated or incomplete.
#
#  Out of Memory Error (./src/hotspot/share/memory/arena.cpp:197), pid=1452, tid=10024
#
# JRE version: OpenJDK Runtime Environment Temurin-11.0.16+8 (11.0.16+8) (build 11.0.16+8)
# Java VM: OpenJDK 64-Bit Server VM Temurin-11.0.16+8 (11.0.16+8, mixed mode, tiered, compressed oops, g1 gc, windows-amd64)
# No core dump will be written. Minidumps are not enabled by default on client versions of Windows
#

---------------  S U M M A R Y ------------

Command Line: -Dmaven.multiModuleProjectDirectory=D:\IdeaProjects\statistics -Dmaven.home=C:\Program Files\JetBrains\IntelliJ IDEA Community Edition 2022.2.1\plugins\maven\lib\maven3 -Dclassworlds.conf=C:\Program Files\JetBrains\IntelliJ IDEA Community Edition 2022.2.1\plugins\maven\lib\maven3\bin\m2.conf -Dmaven.ext.class.path=C:\Program Files\JetBrains\IntelliJ IDEA Community Edition 2022.2.1\plugins\maven\lib\maven-event-listener.jar -javaagent:C:\Program Files\JetBrains\IntelliJ IDEA Community Edition 2022.2.1\lib\idea_rt.jar=59901:C:\Program Files\JetBrains\IntelliJ IDEA Community Edition 2022.2.1\bin -Dfile.encoding=UTF-8 org.codehaus.classworlds.Launcher -Didea.version=2022.2.1 clean verify

Host: Intel(R) Core(TM) i3-5005U CPU @ 2.00GHz, 4 cores, 5G,  Windows 10 , 64 bit Build 19041 (10.0.19041.1889)
Time: Thu Oct 20 14:41:17 2022 RTZ 4 (s 10 , 64 bit Build 19041 (10.0.19041.1889) elapsed time: 4.253169 seconds (0d 0h 0m 4s)

---------------  T H R E A D  ---------------

Current thread (0x00000238ef25a000):  JavaThread "C2 CompilerThread0" daemon [_thread_in_native, id=10024, stack(0x0000009c21e00000,0x0000009c21f00000)]


Current CompileTask:
C2:   4253 1423  s    4       jdk.internal.jimage.BasicImageReader::findLocation (115 bytes)

Stack: [0x0000009c21e00000,0x0000009c21f00000]
Native frames: (J=compiled Java code, j=interpreted, Vv=VM code, C=native code)
V  [jvm.dll+0x61f1da]
V  [jvm.dll+0x7abc69]
V  [jvm.dll+0x7ad358]
V  [jvm.dll+0x7ada33]
V  [jvm.dll+0x24fb08]
V  [jvm.dll+0xc262c]
V  [jvm.dll+0xc2bec]
V  [jvm.dll+0x2c1984]
V  [jvm.dll+0x52e16c]
V  [jvm.dll+0x21104b]
V  [jvm.dll+0x20ac44]
V  [jvm.dll+0x207ddb]
V  [jvm.dll+0x18a3a1]
V  [jvm.dll+0x2177b4]
V  [jvm.dll+0x2159fb]
V  [jvm.dll+0x76e6a0]
V  [jvm.dll+0x7675d4]
V  [jvm.dll+0x61e045]
C  [ucrtbase.dll+0x21bb2]
C  [KERNEL32.DLL+0x17034]
C  [ntdll.dll+0x526a1]


---------------  P R O C E S S  ---------------

Threads class SMR info:
_java_thread_list=0x00000238f00e6ab0, length=11, elements={
0x00000238d1d8e800, 0x00000238ef200000, 0x00000238ef20a000, 0x00000238ef250800,
0x00000238ef251800, 0x00000238ef253000, 0x00000238ef25a000, 0x00000238efb80800,
0x00000238efbd9000, 0x00000238d1e6b800, 0x00000238efe71800
}

Java Threads: ( => current thread )
  0x00000238d1d8e800 JavaThread "main" [_thread_blocked, id=8756, stack(0x0000009c21200000,0x0000009c21300000)]
  0x00000238ef200000 JavaThread "Reference Handler" daemon [_thread_blocked, id=9872, stack(0x0000009c21900000,0x0000009c21a00000)]
  0x00000238ef20a000 JavaThread "Finalizer" daemon [_thread_blocked, id=7500, stack(0x0000009c21a00000,0x0000009c21b00000)]
  0x00000238ef250800 JavaThread "Signal Dispatcher" daemon [_thread_blocked, id=7676, stack(0x0000009c21b00000,0x0000009c21c00000)]
  0x00000238ef251800 JavaThread "Attach Listener" daemon [_thread_blocked, id=5268, stack(0x0000009c21c00000,0x0000009c21d00000)]
  0x00000238ef253000 JavaThread "Service Thread" daemon [_thread_blocked, id=1276, stack(0x0000009c21d00000,0x0000009c21e00000)]
=>0x00000238ef25a000 JavaThread "C2 CompilerThread0" daemon [_thread_in_native, id=10024, stack(0x0000009c21e00000,0x0000009c21f00000)]
  0x00000238efb80800 JavaThread "C1 CompilerThread0" daemon [_thread_blocked, id=10352, stack(0x0000009c21f00000,0x0000009c22000000)]
  0x00000238efbd9000 JavaThread "Sweeper thread" daemon [_thread_blocked, id=11508, stack(0x0000009c22000000,0x0000009c22100000)]
  0x00000238d1e6b800 JavaThread "Common-Cleaner" daemon [_thread_blocked, id=6800, stack(0x0000009c22100000,0x0000009c22200000)]
  0x00000238efe71800 JavaThread "Monitor Ctrl-Break" daemon [_thread_in_native, id=4576, stack(0x0000009c22300000,0x0000009c22400000)]

Other Threads:
  0x00000238ef1c8800 VMThread "VM Thread" [stack: 0x0000009c21800000,0x0000009c21900000] [id=10424]
  0x00000238efe72800 WatcherThread [stack: 0x0000009c22400000,0x0000009c22500000] [id=6548]
  0x00000238d1da7800 GCTaskThread "GC Thread#0" [stack: 0x0000009c21300000,0x0000009c21400000] [id=8004]
  0x00000238f01f7800 GCTaskThread "GC Thread#1" [stack: 0x0000009c22200000,0x0000009c22300000] [id=4924]
  0x00000238d1dce800 ConcurrentGCThread "G1 Main Marker" [stack: 0x0000009c21400000,0x0000009c21500000] [id=6500]
  0x00000238d1dd0000 ConcurrentGCThread "G1 Conc#0" [stack: 0x0000009c21500000,0x0000009c21600000] [id=4580]
  0x00000238d1e3d800 ConcurrentGCThread "G1 Refine#0" [stack: 0x0000009c21600000,0x0000009c21700000] [id=4280]
  0x00000238d1e3f800 ConcurrentGCThread "G1 Young RemSet Sampling" [stack: 0x0000009c21700000,0x0000009c21800000] [id=5396]

Threads with active compile tasks:
C2 CompilerThread0     4291 1423  s    4       jdk.internal.jimage.BasicImageReader::findLocation (115 bytes)

VM state:at safepoint (normal execution)

VM Mutex/Monitor currently owned by a thread:  ([mutex/lock_event])
[0x00000238d1d8c000] Threads_lock - owner thread: 0x00000238ef1c8800
[0x00000238d1d8b550] Heap_lock - owner thread: 0x00000238d1d8e800

Heap address: 0x00000000a1800000, size: 1512 MB, Compressed Oops mode: 32-bit
Narrow klass base: 0x0000000000000000, Narrow klass shift: 3
Compressed class space size: 1073741824 Address: 0x0000000100000000

Heap:
 garbage-first heap   total 98304K, used 5708K [0x00000000a1800000, 0x0000000100000000)
  region size 1024K, 2 young (2048K), 2 survivors (2048K)
 Metaspace       used 18124K, capacity 18387K, committed 18560K, reserved 1075200K
  class space    used 1926K, capacity 2056K, committed 2176K, reserved 1048576K
Heap Regions: E=young(eden), S=young(survivor), O=old, HS=humongous(starts), HC=humongous(continues), CS=collection set, F=free, A=archive, TAMS=top-at-mark-start (previous, next)
|   0|0x00000000a1800000, 0x00000000a1900000, 0x00000000a1900000|100%| O|  |TAMS 0x00000000a1800000, 0x00000000a1900000| Untracked 
|   1|0x00000000a1900000, 0x00000000a1a00000, 0x00000000a1a00000|100%| O|  |TAMS 0x00000000a1900000, 0x00000000a1a00000| Untracked 
|   2|0x00000000a1a00000, 0x00000000a1b00000, 0x00000000a1b00000|100%| O|  |TAMS 0x00000000a1a00000, 0x00000000a1b00000| Untracked 
|   3|0x00000000a1b00000, 0x00000000a1b93000, 0x00000000a1c00000| 57%| O|  |TAMS 0x00000000a1b00000, 0x00000000a1b93000| Untracked 
|   4|0x00000000a1c00000, 0x00000000a1c00000, 0x00000000a1d00000|  0%| F|  |TAMS 0x00000000a1c00000, 0x00000000a1c00000| Untracked 
|   5|0x00000000a1d00000, 0x00000000a1d00000, 0x00000000a1e00000|  0%| F|  |TAMS 0x00000000a1d00000, 0x00000000a1d00000| Untracked 
|   6|0x00000000a1e00000, 0x00000000a1e00000, 0x00000000a1f00000|  0%| F|  |TAMS 0x00000000a1e00000, 0x00000000a1e00000| Untracked 
|   7|0x00000000a1f00000, 0x00000000a1f00000, 0x00000000a2000000|  0%| F|  |TAMS 0x00000000a1f00000, 0x00000000a1f00000| Untracked 
|   8|0x00000000a2000000, 0x00000000a2000000, 0x00000000a2100000|  0%| F|  |TAMS 0x00000000a2000000, 0x00000000a2000000| Untracked 
|   9|0x00000000a2100000, 0x00000000a2100000, 0x00000000a2200000|  0%| F|  |TAMS 0x00000000a2100000, 0x00000000a2100000| Untracked 
|  10|0x00000000a2200000, 0x00000000a2200000, 0x00000000a2300000|  0%| F|  |TAMS 0x00000000a2200000, 0x00000000a2200000| Untracked 
|  11|0x00000000a2300000, 0x00000000a2300000, 0x00000000a2400000|  0%| F|  |TAMS 0x00000000a2300000, 0x00000000a2300000| Untracked 
|  12|0x00000000a2400000, 0x00000000a2400000, 0x00000000a2500000|  0%| F|  |TAMS 0x00000000a2400000, 0x00000000a2400000| Untracked 
|  13|0x00000000a2500000, 0x00000000a2500000, 0x00000000a2600000|  0%| F|  |TAMS 0x00000000a2500000, 0x00000000a2500000| Untracked 
|  14|0x00000000a2600000, 0x00000000a2600000, 0x00000000a2700000|  0%| F|  |TAMS 0x00000000a2600000, 0x00000000a2600000| Untracked 
|  15|0x00000000a2700000, 0x00000000a2700000, 0x00000000a2800000|  0%| F|  |TAMS 0x00000000a2700000, 0x00000000a2700000| Untracked 
|  16|0x00000000a2800000, 0x00000000a2800000, 0x00000000a2900000|  0%| F|  |TAMS 0x00000000a2800000, 0x00000000a2800000| Untracked 
|  17|0x00000000a2900000, 0x00000000a2900000, 0x00000000a2a00000|  0%| F|  |TAMS 0x00000000a2900000, 0x00000000a2900000| Untracked 
|  18|0x00000000a2a00000, 0x00000000a2a00000, 0x00000000a2b00000|  0%| F|  |TAMS 0x00000000a2a00000, 0x00000000a2a00000| Untracked 
|  19|0x00000000a2b00000, 0x00000000a2b00000, 0x00000000a2c00000|  0%| F|  |TAMS 0x00000000a2b00000, 0x00000000a2b00000| Untracked 
|  20|0x00000000a2c00000, 0x00000000a2c00000, 0x00000000a2d00000|  0%| F|  |TAMS 0x00000000a2c00000, 0x00000000a2c00000| Untracked 
|  21|0x00000000a2d00000, 0x00000000a2d00000, 0x00000000a2e00000|  0%| F|  |TAMS 0x00000000a2d00000, 0x00000000a2d00000| Untracked 
|  22|0x00000000a2e00000, 0x00000000a2e00000, 0x00000000a2f00000|  0%| F|  |TAMS 0x00000000a2e00000, 0x00000000a2e00000| Untracked 
|  23|0x00000000a2f00000, 0x00000000a2f00000, 0x00000000a3000000|  0%| F|  |TAMS 0x00000000a2f00000, 0x00000000a2f00000| Untracked 
|  24|0x00000000a3000000, 0x00000000a3000000, 0x00000000a3100000|  0%| F|  |TAMS 0x00000000a3000000, 0x00000000a3000000| Untracked 
|  25|0x00000000a3100000, 0x00000000a3100000, 0x00000000a3200000|  0%| F|  |TAMS 0x00000000a3100000, 0x00000000a3100000| Untracked 
|  26|0x00000000a3200000, 0x00000000a3200000, 0x00000000a3300000|  0%| F|  |TAMS 0x00000000a3200000, 0x00000000a3200000| Untracked 
|  27|0x00000000a3300000, 0x00000000a3300000, 0x00000000a3400000|  0%| F|  |TAMS 0x00000000a3300000, 0x00000000a3300000| Untracked 
|  28|0x00000000a3400000, 0x00000000a3400000, 0x00000000a3500000|  0%| F|  |TAMS 0x00000000a3400000, 0x00000000a3400000| Untracked 
|  29|0x00000000a3500000, 0x00000000a3500000, 0x00000000a3600000|  0%| F|  |TAMS 0x00000000a3500000, 0x00000000a3500000| Untracked 
|  30|0x00000000a3600000, 0x00000000a3600000, 0x00000000a3700000|  0%| F|  |TAMS 0x00000000a3600000, 0x00000000a3600000| Untracked 
|  31|0x00000000a3700000, 0x00000000a3700000, 0x00000000a3800000|  0%| F|  |TAMS 0x00000000a3700000, 0x00000000a3700000| Untracked 
|  32|0x00000000a3800000, 0x00000000a3800000, 0x00000000a3900000|  0%| F|  |TAMS 0x00000000a3800000, 0x00000000a3800000| Untracked 
|  33|0x00000000a3900000, 0x00000000a3900000, 0x00000000a3a00000|  0%| F|  |TAMS 0x00000000a3900000, 0x00000000a3900000| Untracked 
|  34|0x00000000a3a00000, 0x00000000a3a00000, 0x00000000a3b00000|  0%| F|  |TAMS 0x00000000a3a00000, 0x00000000a3a00000| Untracked 
|  35|0x00000000a3b00000, 0x00000000a3b00000, 0x00000000a3c00000|  0%| F|  |TAMS 0x00000000a3b00000, 0x00000000a3b00000| Untracked 
|  36|0x00000000a3c00000, 0x00000000a3c00000, 0x00000000a3d00000|  0%| F|  |TAMS 0x00000000a3c00000, 0x00000000a3c00000| Untracked 
|  37|0x00000000a3d00000, 0x00000000a3d00000, 0x00000000a3e00000|  0%| F|  |TAMS 0x00000000a3d00000, 0x00000000a3d00000| Untracked 
|  38|0x00000000a3e00000, 0x00000000a3e00000, 0x00000000a3f00000|  0%| F|  |TAMS 0x00000000a3e00000, 0x00000000a3e00000| Untracked 
|  39|0x00000000a3f00000, 0x00000000a3f00000, 0x00000000a4000000|  0%| F|  |TAMS 0x00000000a3f00000, 0x00000000a3f00000| Untracked 
|  40|0x00000000a4000000, 0x00000000a4000000, 0x00000000a4100000|  0%| F|  |TAMS 0x00000000a4000000, 0x00000000a4000000| Untracked 
|  41|0x00000000a4100000, 0x00000000a4100000, 0x00000000a4200000|  0%| F|  |TAMS 0x00000000a4100000, 0x00000000a4100000| Untracked 
|  42|0x00000000a4200000, 0x00000000a4200000, 0x00000000a4300000|  0%| F|  |TAMS 0x00000000a4200000, 0x00000000a4200000| Untracked 
|  43|0x00000000a4300000, 0x00000000a4300000, 0x00000000a4400000|  0%| F|  |TAMS 0x00000000a4300000, 0x00000000a4300000| Untracked 
|  44|0x00000000a4400000, 0x00000000a4400000, 0x00000000a4500000|  0%| F|  |TAMS 0x00000000a4400000, 0x00000000a4400000| Untracked 
|  45|0x00000000a4500000, 0x00000000a4500000, 0x00000000a4600000|  0%| F|  |TAMS 0x00000000a4500000, 0x00000000a4500000| Untracked 
|  46|0x00000000a4600000, 0x00000000a4600000, 0x00000000a4700000|  0%| F|  |TAMS 0x00000000a4600000, 0x00000000a4600000| Untracked 
|  47|0x00000000a4700000, 0x00000000a4700000, 0x00000000a4800000|  0%| F|  |TAMS 0x00000000a4700000, 0x00000000a4700000| Untracked 
|  48|0x00000000a4800000, 0x00000000a4800000, 0x00000000a4900000|  0%| F|  |TAMS 0x00000000a4800000, 0x00000000a4800000| Untracked 
|  49|0x00000000a4900000, 0x00000000a4900000, 0x00000000a4a00000|  0%| F|  |TAMS 0x00000000a4900000, 0x00000000a4900000| Untracked 
|  50|0x00000000a4a00000, 0x00000000a4a00000, 0x00000000a4b00000|  0%| F|  |TAMS 0x00000000a4a00000, 0x00000000a4a00000| Untracked 
|  51|0x00000000a4b00000, 0x00000000a4b00000, 0x00000000a4c00000|  0%| F|  |TAMS 0x00000000a4b00000, 0x00000000a4b00000| Untracked 
|  52|0x00000000a4c00000, 0x00000000a4c00000, 0x00000000a4d00000|  0%| F|  |TAMS 0x00000000a4c00000, 0x00000000a4c00000| Untracked 
|  53|0x00000000a4d00000, 0x00000000a4d00000, 0x00000000a4e00000|  0%| F|  |TAMS 0x00000000a4d00000, 0x00000000a4d00000| Untracked 
|  54|0x00000000a4e00000, 0x00000000a4e00000, 0x00000000a4f00000|  0%| F|  |TAMS 0x00000000a4e00000, 0x00000000a4e00000| Untracked 
|  55|0x00000000a4f00000, 0x00000000a4f00000, 0x00000000a5000000|  0%| F|  |TAMS 0x00000000a4f00000, 0x00000000a4f00000| Untracked 
|  56|0x00000000a5000000, 0x00000000a5000000, 0x00000000a5100000|  0%| F|  |TAMS 0x00000000a5000000, 0x00000000a5000000| Untracked 
|  57|0x00000000a5100000, 0x00000000a5100000, 0x00000000a5200000|  0%| F|  |TAMS 0x00000000a5100000, 0x00000000a5100000| Untracked 
|  58|0x00000000a5200000, 0x00000000a5200000, 0x00000000a5300000|  0%| F|  |TAMS 0x00000000a5200000, 0x00000000a5200000| Untracked 
|  59|0x00000000a5300000, 0x00000000a5300000, 0x00000000a5400000|  0%| F|  |TAMS 0x00000000a5300000, 0x00000000a5300000| Untracked 
|  60|0x00000000a5400000, 0x00000000a5400000, 0x00000000a5500000|  0%| F|  |TAMS 0x00000000a5400000, 0x00000000a5400000| Untracked 
|  61|0x00000000a5500000, 0x00000000a5500000, 0x00000000a5600000|  0%| F|  |TAMS 0x00000000a5500000, 0x00000000a5500000| Untracked 
|  62|0x00000000a5600000, 0x00000000a5600000, 0x00000000a5700000|  0%| F|  |TAMS 0x00000000a5600000, 0x00000000a5600000| Untracked 
|  63|0x00000000a5700000, 0x00000000a5700000, 0x00000000a5800000|  0%| F|  |TAMS 0x00000000a5700000, 0x00000000a5700000| Untracked 
|  64|0x00000000a5800000, 0x00000000a5800000, 0x00000000a5900000|  0%| F|  |TAMS 0x00000000a5800000, 0x00000000a5800000| Untracked 
|  65|0x00000000a5900000, 0x00000000a5900000, 0x00000000a5a00000|  0%| F|  |TAMS 0x00000000a5900000, 0x00000000a5900000| Untracked 
|  66|0x00000000a5a00000, 0x00000000a5a00000, 0x00000000a5b00000|  0%| F|  |TAMS 0x00000000a5a00000, 0x00000000a5a00000| Untracked 
|  67|0x00000000a5b00000, 0x00000000a5b00000, 0x00000000a5c00000|  0%| F|  |TAMS 0x00000000a5b00000, 0x00000000a5b00000| Untracked 
|  68|0x00000000a5c00000, 0x00000000a5c00000, 0x00000000a5d00000|  0%| F|  |TAMS 0x00000000a5c00000, 0x00000000a5c00000| Untracked 
|  69|0x00000000a5d00000, 0x00000000a5d00000, 0x00000000a5e00000|  0%| F|  |TAMS 0x00000000a5d00000, 0x00000000a5d00000| Untracked 
|  70|0x00000000a5e00000, 0x00000000a5e00000, 0x00000000a5f00000|  0%| F|  |TAMS 0x00000000a5e00000, 0x00000000a5e00000| Untracked 
|  71|0x00000000a5f00000, 0x00000000a5f00000, 0x00000000a6000000|  0%| F|  |TAMS 0x00000000a5f00000, 0x00000000a5f00000| Untracked 
|  72|0x00000000a6000000, 0x00000000a6000000, 0x00000000a6100000|  0%| F|  |TAMS 0x00000000a6000000, 0x00000000a6000000| Untracked 
|  73|0x00000000a6100000, 0x00000000a6100000, 0x00000000a6200000|  0%| F|  |TAMS 0x00000000a6100000, 0x00000000a6100000| Untracked 
|  74|0x00000000a6200000, 0x00000000a6200000, 0x00000000a6300000|  0%| F|  |TAMS 0x00000000a6200000, 0x00000000a6200000| Untracked 
|  75|0x00000000a6300000, 0x00000000a6300000, 0x00000000a6400000|  0%| F|  |TAMS 0x00000000a6300000, 0x00000000a6300000| Untracked 
|  76|0x00000000a6400000, 0x00000000a6500000, 0x00000000a6500000|100%| S|CS|TAMS 0x00000000a6400000, 0x00000000a6400000| Complete 
|  77|0x00000000a6500000, 0x00000000a6600000, 0x00000000a6600000|100%| S|CS|TAMS 0x00000000a6500000, 0x00000000a6500000| Complete 
|  78|0x00000000a6600000, 0x00000000a6600000, 0x00000000a6700000|  0%| F|  |TAMS 0x00000000a6600000, 0x00000000a6600000| Untracked 
|  79|0x00000000a6700000, 0x00000000a6700000, 0x00000000a6800000|  0%| F|  |TAMS 0x00000000a6700000, 0x00000000a6700000| Untracked 
|  80|0x00000000a6800000, 0x00000000a6800000, 0x00000000a6900000|  0%| F|  |TAMS 0x00000000a6800000, 0x00000000a6800000| Untracked 
|  81|0x00000000a6900000, 0x00000000a6900000, 0x00000000a6a00000|  0%| F|  |TAMS 0x00000000a6900000, 0x00000000a6900000| Untracked 
|  82|0x00000000a6a00000, 0x00000000a6a00000, 0x00000000a6b00000|  0%| F|  |TAMS 0x00000000a6a00000, 0x00000000a6a00000| Untracked 
|  83|0x00000000a6b00000, 0x00000000a6b00000, 0x00000000a6c00000|  0%| F|  |TAMS 0x00000000a6b00000, 0x00000000a6b00000| Untracked 
|  84|0x00000000a6c00000, 0x00000000a6c00000, 0x00000000a6d00000|  0%| F|  |TAMS 0x00000000a6c00000, 0x00000000a6c00000| Untracked 
|  85|0x00000000a6d00000, 0x00000000a6d00000, 0x00000000a6e00000|  0%| F|  |TAMS 0x00000000a6d00000, 0x00000000a6d00000| Untracked 
|  86|0x00000000a6e00000, 0x00000000a6e00000, 0x00000000a6f00000|  0%| F|  |TAMS 0x00000000a6e00000, 0x00000000a6e00000| Untracked 
|  87|0x00000000a6f00000, 0x00000000a6f00000, 0x00000000a7000000|  0%| F|  |TAMS 0x00000000a6f00000, 0x00000000a6f00000| Untracked 
|  88|0x00000000a7000000, 0x00000000a7000000, 0x00000000a7100000|  0%| F|  |TAMS 0x00000000a7000000, 0x00000000a7000000| Untracked 
|  89|0x00000000a7100000, 0x00000000a7100000, 0x00000000a7200000|  0%| F|  |TAMS 0x00000000a7100000, 0x00000000a7100000| Untracked 
|  90|0x00000000a7200000, 0x00000000a7200000, 0x00000000a7300000|  0%| F|  |TAMS 0x00000000a7200000, 0x00000000a7200000| Untracked 
|  91|0x00000000a7300000, 0x00000000a7300000, 0x00000000a7400000|  0%| F|  |TAMS 0x00000000a7300000, 0x00000000a7300000| Untracked 
|  92|0x00000000a7400000, 0x00000000a7400000, 0x00000000a7500000|  0%| F|  |TAMS 0x00000000a7400000, 0x00000000a7400000| Untracked 
|  93|0x00000000a7500000, 0x00000000a7500000, 0x00000000a7600000|  0%| F|  |TAMS 0x00000000a7500000, 0x00000000a7500000| Untracked 
|  94|0x00000000a7600000, 0x00000000a7600000, 0x00000000a7700000|  0%| F|  |TAMS 0x00000000a7600000, 0x00000000a7600000| Untracked 
|  95|0x00000000a7700000, 0x00000000a7700000, 0x00000000a7800000|  0%| F|  |TAMS 0x00000000a7700000, 0x00000000a7700000| Untracked 

Card table byte_map: [0x00000238e97f0000,0x00000238e9af0000] _byte_map_base: 0x00000238e92e4000

Marking Bits (Prev, Next): (CMBitMap*) 0x00000238d1dc7c48, (CMBitMap*) 0x00000238d1dc7c80
 Prev Bits: [0x00000238e9df0000, 0x00000238eb590000)
 Next Bits: [0x00000238eb590000, 0x00000238ecd30000)

Polling page: 0x00000238d1570000

Metaspace:

Usage:
  Non-class:     15.95 MB capacity,    15.82 MB (>99%) used,   113.44 KB ( <1%) free+waste,    20.38 KB ( <1%) overhead. 
      Class:      2.01 MB capacity,     1.88 MB ( 94%) used,   120.51 KB (  6%) free+waste,     8.50 KB ( <1%) overhead. 
       Both:     17.96 MB capacity,    17.70 MB ( 99%) used,   233.95 KB (  1%) free+waste,    28.88 KB ( <1%) overhead. 

Virtual space:
  Non-class space:       26.00 MB reserved,      16.00 MB ( 62%) committed 
      Class space:        1.00 GB reserved,       2.13 MB ( <1%) committed 
             Both:        1.03 GB reserved,      18.13 MB (  2%) committed 

Chunk freelists:
   Non-Class:  53.00 KB
       Class:  24.00 KB
        Both:  77.00 KB

MaxMetaspaceSize: 17179869184.00 GB
CompressedClassSpaceSize: 1.00 GB
Initial GC threshold: 20.80 MB
Current GC threshold: 21.12 MB
CDS: off

CodeHeap 'non-profiled nmethods': size=120064Kb used=526Kb max_used=526Kb free=119537Kb
 bounds [0x00000238e1fb0000, 0x00000238e2220000, 0x00000238e94f0000]
CodeHeap 'profiled nmethods': size=120000Kb used=3238Kb max_used=3238Kb free=116761Kb
 bounds [0x00000238daa80000, 0x00000238dadb0000, 0x00000238e1fb0000]
CodeHeap 'non-nmethods': size=5696Kb used=1149Kb max_used=1164Kb free=4546Kb
 bounds [0x00000238da4f0000, 0x00000238da760000, 0x00000238daa80000]
 total_blobs=2048 nmethods=1639 adapters=322
 compilation: enabled
              stopped_count=0, restarted_count=0
 full_count=0

Compilation events (20 events):
Event: 2.297 Thread 0x00000238efb80800 1469       3       java.util.HashMap::tableSizeFor (32 bytes)
Event: 2.297 Thread 0x00000238efb80800 nmethod 1469 0x00000238dad49410 code [0x00000238dad495e0, 0x00000238dad497c8]
Event: 2.303 Thread 0x00000238efb80800 1470       3       com.google.inject.spi.InjectionPoint$1::compare (13 bytes)
Event: 2.303 Thread 0x00000238efb80800 nmethod 1470 0x00000238dad49890 code [0x00000238dad49aa0, 0x00000238dad4a008]
Event: 2.303 Thread 0x00000238efb80800 1471       3       com.google.inject.spi.InjectionPoint$1::compare (12 bytes)
Event: 2.304 Thread 0x00000238efb80800 nmethod 1471 0x00000238dad4a210 code [0x00000238dad4a400, 0x00000238dad4a728]
Event: 2.304 Thread 0x00000238efb80800 1472       3       com.google.common.collect.ImmutableCollection::<init> (5 bytes)
Event: 2.304 Thread 0x00000238efb80800 nmethod 1472 0x00000238dad4a910 code [0x00000238dad4aac0, 0x00000238dad4ac78]
Event: 2.311 Thread 0x00000238efb80800 1474       3       java.util.LinkedHashMap$LinkedValueIterator::next (8 bytes)
Event: 2.312 Thread 0x00000238efb80800 nmethod 1474 0x00000238dad4ad90 code [0x00000238dad4af40, 0x00000238dad4b068]
Event: 2.322 Thread 0x00000238efb80800 1475       3       jdk.internal.reflect.ByteVectorImpl::get (26 bytes)
Event: 2.323 Thread 0x00000238efb80800 nmethod 1475 0x00000238dad4b110 code [0x00000238dad4b2e0, 0x00000238dad4b4a8]
Event: 2.327 Thread 0x00000238efb80800 1476       3       sun.reflect.generics.parser.SignatureParser::parseFieldTypeSignature (6 bytes)
Event: 2.327 Thread 0x00000238efb80800 nmethod 1476 0x00000238dad4b610 code [0x00000238dad4b7c0, 0x00000238dad4b8e8]
Event: 2.327 Thread 0x00000238efb80800 1477       3       sun.reflect.generics.parser.SignatureParser::parseFieldTypeSignature (73 bytes)
Event: 2.328 Thread 0x00000238efb80800 nmethod 1477 0x00000238dad4b990 code [0x00000238dad4bbe0, 0x00000238dad4c098]
Event: 2.340 Thread 0x00000238efb80800 1478       1       java.lang.reflect.Constructor::getDeclaringClass (5 bytes)
Event: 2.341 Thread 0x00000238efb80800 nmethod 1478 0x00000238e202e490 code [0x00000238e202e640, 0x00000238e202e6f8]
Event: 2.341 Thread 0x00000238efb80800 1479       3       com.google.inject.internal.Errors::size (27 bytes)
Event: 2.341 Thread 0x00000238efb80800 nmethod 1479 0x00000238dad4c290 code [0x00000238dad4c460, 0x00000238dad4c688]

GC Heap History (6 events):
Event: 1.410 GC heap before
{Heap before GC invocations=0 (full 0):
 garbage-first heap   total 98304K, used 13312K [0x00000000a1800000, 0x0000000100000000)
  region size 1024K, 14 young (14336K), 0 survivors (0K)
 Metaspace       used 11572K, capacity 11808K, committed 12032K, reserved 1060864K
  class space    used 1073K, capacity 1171K, committed 1280K, reserved 1048576K
}
Event: 1.422 GC heap after
{Heap after GC invocations=1 (full 0):
 garbage-first heap   total 98304K, used 3486K [0x00000000a1800000, 0x0000000100000000)
  region size 1024K, 2 young (2048K), 2 survivors (2048K)
 Metaspace       used 11572K, capacity 11808K, committed 12032K, reserved 1060864K
  class space    used 1073K, capacity 1171K, committed 1280K, reserved 1048576K
}
Event: 1.726 GC heap before
{Heap before GC invocations=1 (full 0):
 garbage-first heap   total 98304K, used 9630K [0x00000000a1800000, 0x0000000100000000)
  region size 1024K, 8 young (8192K), 2 survivors (2048K)
 Metaspace       used 13309K, capacity 13580K, committed 13696K, reserved 1060864K
  class space    used 1294K, capacity 1399K, committed 1408K, reserved 1048576K
}
Event: 1.733 GC heap after
{Heap after GC invocations=2 (full 0):
 garbage-first heap   total 98304K, used 3992K [0x00000000a1800000, 0x0000000100000000)
  region size 1024K, 1 young (1024K), 1 survivors (1024K)
 Metaspace       used 13309K, capacity 13580K, committed 13696K, reserved 1060864K
  class space    used 1294K, capacity 1399K, committed 1408K, reserved 1048576K
}
Event: 2.243 GC heap before
{Heap before GC invocations=2 (full 0):
 garbage-first heap   total 98304K, used 26520K [0x00000000a1800000, 0x0000000100000000)
  region size 1024K, 23 young (23552K), 1 survivors (1024K)
 Metaspace       used 15158K, capacity 15404K, committed 15488K, reserved 1062912K
  class space    used 1525K, capacity 1597K, committed 1664K, reserved 1048576K
}
Event: 2.249 GC heap after
{Heap after GC invocations=3 (full 0):
 garbage-first heap   total 98304K, used 4684K [0x00000000a1800000, 0x0000000100000000)
  region size 1024K, 1 young (1024K), 1 survivors (1024K)
 Metaspace       used 15158K, capacity 15404K, committed 15488K, reserved 1062912K
  class space    used 1525K, capacity 1597K, committed 1664K, reserved 1048576K
}

Deoptimization events (20 events):
Event: 1.616 Thread 0x00000238d1d8e800 DEOPT PACKING pc=0x00000238e1fe9e24 sp=0x0000009c212fdf30
Event: 1.616 Thread 0x00000238d1d8e800 DEOPT UNPACKING pc=0x00000238da53a1af sp=0x0000009c212fde88 mode 2
Event: 1.645 Thread 0x00000238d1d8e800 Uncommon trap: trap_request=0xffffffde fr.pc=0x00000238e1fe9e24 relative=0x00000000000015e4
Event: 1.645 Thread 0x00000238d1d8e800 Uncommon trap: reason=class_check action=maybe_recompile pc=0x00000238e1fe9e24 method=java.util.HashMap.putVal(ILjava/lang/Object;Ljava/lang/Object;ZZ)Ljava/lang/Object; @ 91 c2
Event: 1.645 Thread 0x00000238d1d8e800 DEOPT PACKING pc=0x00000238e1fe9e24 sp=0x0000009c212fd7a0
Event: 1.645 Thread 0x00000238d1d8e800 DEOPT UNPACKING pc=0x00000238da53a1af sp=0x0000009c212fd6f8 mode 2
Event: 1.645 Thread 0x00000238d1d8e800 Uncommon trap: trap_request=0xffffffde fr.pc=0x00000238e1fe9e24 relative=0x00000000000015e4
Event: 1.645 Thread 0x00000238d1d8e800 Uncommon trap: reason=class_check action=maybe_recompile pc=0x00000238e1fe9e24 method=java.util.HashMap.putVal(ILjava/lang/Object;Ljava/lang/Object;ZZ)Ljava/lang/Object; @ 91 c2
Event: 1.645 Thread 0x00000238d1d8e800 DEOPT PACKING pc=0x00000238e1fe9e24 sp=0x0000009c212fd680
Event: 1.645 Thread 0x00000238d1d8e800 DEOPT UNPACKING pc=0x00000238da53a1af sp=0x0000009c212fd5d8 mode 2
Event: 1.762 Thread 0x00000238d1d8e800 DEOPT PACKING pc=0x00000238dab46930 sp=0x0000009c212fb730
Event: 1.762 Thread 0x00000238d1d8e800 DEOPT UNPACKING pc=0x00000238da53a95e sp=0x0000009c212fac48 mode 0
Event: 1.764 Thread 0x00000238d1d8e800 Uncommon trap: trap_request=0xffffff4d fr.pc=0x00000238e1fff850 relative=0x0000000000000390
Event: 1.764 Thread 0x00000238d1d8e800 Uncommon trap: reason=unstable_if action=reinterpret pc=0x00000238e1fff850 method=java.util.HashMap.getNode(ILjava/lang/Object;)Ljava/util/HashMap$Node; @ 129 c2
Event: 1.764 Thread 0x00000238d1d8e800 DEOPT PACKING pc=0x00000238e1fff850 sp=0x0000009c212fdd50
Event: 1.764 Thread 0x00000238d1d8e800 DEOPT UNPACKING pc=0x00000238da53a1af sp=0x0000009c212fdcc0 mode 2
Event: 1.784 Thread 0x00000238d1d8e800 Uncommon trap: trap_request=0xffffff4d fr.pc=0x00000238e1fe1648 relative=0x00000000000000a8
Event: 1.784 Thread 0x00000238d1d8e800 Uncommon trap: reason=unstable_if action=reinterpret pc=0x00000238e1fe1648 method=org.codehaus.plexus.util.xml.pull.MXParser.more()C @ 8 c2
Event: 1.784 Thread 0x00000238d1d8e800 DEOPT PACKING pc=0x00000238e1fe1648 sp=0x0000009c212fda60
Event: 1.784 Thread 0x00000238d1d8e800 DEOPT UNPACKING pc=0x00000238da53a1af sp=0x0000009c212fd9f0 mode 2

Classes redefined (0 events):
No events

Internal exceptions (5 events):
Event: 0.367 Thread 0x00000238d1d8e800 Exception <a 'java/security/PrivilegedActionException'{0x00000000a76cd7f8}> (0x00000000a76cd7f8) thrown at [./src/hotspot/share/prims/jvm.cpp, line 1306]
Event: 0.367 Thread 0x00000238d1d8e800 Exception <a 'java/security/PrivilegedActionException'{0x00000000a76cdac8}> (0x00000000a76cdac8) thrown at [./src/hotspot/share/prims/jvm.cpp, line 1306]
Event: 0.537 Thread 0x00000238d1d8e800 Exception <a 'java/lang/NoSuchMethodError'{0x00000000a735dce0}: 'int java.lang.invoke.DirectMethodHandle$Holder.invokeSpecialIFC(java.lang.Object, java.lang.Object, int)'> (0x00000000a735dce0) thrown at [./src/hotspot/share/interpreter/linkResolver.cpp, line 773]
Event: 0.609 Thread 0x00000238d1d8e800 Exception <a 'java/lang/NoSuchMethodError'{0x00000000a7270438}: 'java.lang.Object java.lang.invoke.DirectMethodHandle$Holder.invokeStaticInit(java.lang.Object, int, int, int, int)'> (0x00000000a7270438) thrown at [./src/hotspot/share/interpreter/linkResolver.cpp, line 773]
Event: 0.834 Thread 0x00000238d1d8e800 Exception <a 'java/lang/NoSuchMethodError'{0x00000000a72bbf88}: 'java.lang.Object java.lang.invoke.DirectMethodHandle$Holder.invokeStaticInit(java.lang.Object, java.lang.Object, int, int, int, int)'> (0x00000000a72bbf88) thrown at [./src/hotspot/share/interpreter/linkResolver.cpp, line 773]

Events (20 events):
Event: 2.333 loading class org/apache/maven/repository/legacy/resolver/transform/AbstractVersionTransformation
Event: 2.333 loading class org/apache/maven/repository/legacy/resolver/transform/AbstractVersionTransformation done
Event: 2.334 loading class org/apache/maven/artifact/repository/metadata/RepositoryMetadata
Event: 2.334 loading class org/apache/maven/artifact/repository/metadata/RepositoryMetadata done
Event: 2.335 loading class org/apache/maven/artifact/repository/metadata/RepositoryMetadataResolutionException
Event: 2.335 loading class org/apache/maven/artifact/repository/metadata/RepositoryMetadataResolutionException done
Event: 2.336 loading class org/apache/maven/artifact/repository/metadata/Versioning
Event: 2.336 loading class org/apache/maven/artifact/repository/metadata/Versioning done
Event: 2.338 loading class org/apache/maven/repository/legacy/resolver/conflict/DefaultConflictResolver
Event: 2.338 loading class org/apache/maven/repository/legacy/resolver/conflict/DefaultConflictResolver done
Event: 2.338 loading class org/apache/maven/repository/legacy/resolver/conflict/DefaultConflictResolver
Event: 2.338 loading class org/apache/maven/repository/legacy/resolver/conflict/DefaultConflictResolver done
Event: 2.339 loading class org/apache/maven/repository/legacy/resolver/conflict/NearestConflictResolver
Event: 2.339 loading class org/apache/maven/repository/legacy/resolver/conflict/NearestConflictResolver done
Event: 2.339 loading class org/apache/maven/artifact/resolver/ResolutionNode
Event: 2.339 loading class org/apache/maven/artifact/resolver/ResolutionNode done
Event: 2.341 loading class org/apache/maven/project/artifact/MavenMetadataSource
Event: 2.341 loading class org/apache/maven/project/artifact/MavenMetadataSource done
Event: 2.341 loading class org/apache/maven/project/artifact/MavenMetadataSource
Event: 2.341 loading class org/apache/maven/project/artifact/MavenMetadataSource done


Dynamic libraries:
0x00007ff6faa80000 - 0x00007ff6faa8d000 	C:\Program Files\Eclipse Adoptium\jdk-11.0.16.8-hotspot\bin\java.exe
0x00007fff19af0000 - 0x00007fff19ce8000 	C:\WINDOWS\SYSTEM32\ntdll.dll
0x00007fff19700000 - 0x00007fff197bd000 	C:\WINDOWS\System32\KERNEL32.DLL
0x00007fff17200000 - 0x00007fff174d2000 	C:\WINDOWS\System32\KERNELBASE.dll
0x00007fff17880000 - 0x00007fff17980000 	C:\WINDOWS\System32\ucrtbase.dll
0x00007fff02d10000 - 0x00007fff02d25000 	C:\Program Files\Eclipse Adoptium\jdk-11.0.16.8-hotspot\bin\VCRUNTIME140.dll
0x00007fff03100000 - 0x00007fff03117000 	C:\Program Files\Eclipse Adoptium\jdk-11.0.16.8-hotspot\bin\jli.dll
0x00007fff194d0000 - 0x00007fff1966d000 	C:\WINDOWS\System32\USER32.dll
0x00007fff17a80000 - 0x00007fff17aa2000 	C:\WINDOWS\System32\win32u.dll
0x00007fff199d0000 - 0x00007fff199fb000 	C:\WINDOWS\System32\GDI32.dll
0x00007fff17770000 - 0x00007fff1787f000 	C:\WINDOWS\System32\gdi32full.dll
0x00007ffefd750000 - 0x00007ffefd9ea000 	C:\WINDOWS\WinSxS\amd64_microsoft.windows.common-controls_6595b64144ccf1df_6.0.19041.1110_none_60b5254171f9507e\COMCTL32.dll
0x00007fff19380000 - 0x00007fff1941e000 	C:\WINDOWS\System32\msvcrt.dll
0x00007fff17ab0000 - 0x00007fff17b4d000 	C:\WINDOWS\System32\msvcp_win.dll
0x00007fff196d0000 - 0x00007fff19700000 	C:\WINDOWS\System32\IMM32.DLL
0x00007ffef95c0000 - 0x00007ffef965b000 	C:\Program Files\Eclipse Adoptium\jdk-11.0.16.8-hotspot\bin\msvcp140.dll
0x00007ffec32b0000 - 0x00007ffec3e32000 	C:\Program Files\Eclipse Adoptium\jdk-11.0.16.8-hotspot\bin\server\jvm.dll
0x00007fff189c0000 - 0x00007fff18a6e000 	C:\WINDOWS\System32\ADVAPI32.dll
0x00007fff18ef0000 - 0x00007fff18f8c000 	C:\WINDOWS\System32\sechost.dll
0x00007fff19820000 - 0x00007fff19945000 	C:\WINDOWS\System32\RPCRT4.dll
0x00007fff18f90000 - 0x00007fff18f98000 	C:\WINDOWS\System32\PSAPI.DLL
0x00007fff115d0000 - 0x00007fff115d9000 	C:\WINDOWS\SYSTEM32\WSOCK32.dll
0x00007fff11b10000 - 0x00007fff11b37000 	C:\WINDOWS\SYSTEM32\WINMM.dll
0x00007fff18fa0000 - 0x00007fff1900b000 	C:\WINDOWS\System32\WS2_32.dll
0x00007fff0d650000 - 0x00007fff0d65a000 	C:\WINDOWS\SYSTEM32\VERSION.dll
0x00007fff15a80000 - 0x00007fff15a92000 	C:\WINDOWS\SYSTEM32\kernel.appcore.dll
0x00007fff0ea20000 - 0x00007fff0ea30000 	C:\Program Files\Eclipse Adoptium\jdk-11.0.16.8-hotspot\bin\verify.dll
0x00007fff14fc0000 - 0x00007fff151a4000 	C:\WINDOWS\SYSTEM32\DBGHELP.DLL
0x00007fff0f8b0000 - 0x00007fff0f8dc000 	C:\WINDOWS\SYSTEM32\dbgcore.DLL
0x00007fff179f0000 - 0x00007fff17a72000 	C:\WINDOWS\System32\bcryptPrimitives.dll
0x00007fff025f0000 - 0x00007fff02618000 	C:\Program Files\Eclipse Adoptium\jdk-11.0.16.8-hotspot\bin\java.dll
0x00007fff0ea00000 - 0x00007fff0ea0a000 	C:\Program Files\Eclipse Adoptium\jdk-11.0.16.8-hotspot\bin\jimage.dll
0x00007fff11600000 - 0x00007fff1160e000 	C:\Program Files\Eclipse Adoptium\jdk-11.0.16.8-hotspot\bin\instrument.dll
0x00007fff01a90000 - 0x00007fff01aa8000 	C:\Program Files\Eclipse Adoptium\jdk-11.0.16.8-hotspot\bin\zip.dll
0x00007fff18270000 - 0x00007fff189b3000 	C:\WINDOWS\System32\SHELL32.dll
0x00007fff151b0000 - 0x00007fff15941000 	C:\WINDOWS\SYSTEM32\windows.storage.dll
0x00007fff18b10000 - 0x00007fff18e64000 	C:\WINDOWS\System32\combase.dll
0x00007fff16c60000 - 0x00007fff16c90000 	C:\WINDOWS\SYSTEM32\Wldp.dll
0x00007fff19a00000 - 0x00007fff19aad000 	C:\WINDOWS\System32\SHCORE.dll
0x00007fff19670000 - 0x00007fff196c5000 	C:\WINDOWS\System32\shlwapi.dll
0x00007fff17140000 - 0x00007fff1715f000 	C:\WINDOWS\SYSTEM32\profapi.dll
0x00007fff01a70000 - 0x00007fff01a89000 	C:\Program Files\Eclipse Adoptium\jdk-11.0.16.8-hotspot\bin\net.dll
0x00007fff0da30000 - 0x00007fff0db3d000 	C:\WINDOWS\SYSTEM32\WINHTTP.dll
0x00007fff169c0000 - 0x00007fff16a2a000 	C:\WINDOWS\system32\mswsock.dll
0x00007fff01950000 - 0x00007fff01963000 	C:\Program Files\Eclipse Adoptium\jdk-11.0.16.8-hotspot\bin\nio.dll
0x00007fff03640000 - 0x00007fff0365a000 	C:\Program Files\JetBrains\IntelliJ IDEA Community Edition 2022.2.1\bin\breakgen64.dll
0x00007fff16bb0000 - 0x00007fff16bc8000 	C:\WINDOWS\SYSTEM32\CRYPTSP.dll
0x00007fff16270000 - 0x00007fff162a4000 	C:\WINDOWS\system32\rsaenh.dll
0x00007fff17690000 - 0x00007fff176b7000 	C:\WINDOWS\System32\bcrypt.dll
0x00007fff17100000 - 0x00007fff1712e000 	C:\WINDOWS\SYSTEM32\USERENV.dll
0x00007fff16bd0000 - 0x00007fff16bdc000 	C:\WINDOWS\SYSTEM32\CRYPTBASE.dll
0x00007fff16660000 - 0x00007fff1669b000 	C:\WINDOWS\SYSTEM32\IPHLPAPI.DLL
0x00007fff18a70000 - 0x00007fff18a78000 	C:\WINDOWS\System32\NSI.dll
0x00007fff0fd30000 - 0x00007fff0fd47000 	C:\WINDOWS\SYSTEM32\dhcpcsvc6.DLL
0x00007fff10340000 - 0x00007fff1035d000 	C:\WINDOWS\SYSTEM32\dhcpcsvc.DLL
0x00007fff166b0000 - 0x00007fff1677a000 	C:\WINDOWS\SYSTEM32\DNSAPI.dll
0x00007fff10b60000 - 0x00007fff10b6a000 	C:\Users\\AppData\Local\Temp\jansi-1.17.1-8644144314061470237.dll
0x00007fff0e0d0000 - 0x00007fff0e0da000 	C:\Users\\AppData\Local\Temp\jansi-1.17.1-10045093233365958959.dll

dbghelp: loaded successfully - version: 4.0.5 - missing functions: none
symbol engine: initialized successfully - sym options: 0x614 - pdb path: .;C:\Program Files\Eclipse Adoptium\jdk-11.0.16.8-hotspot\bin;C:\WINDOWS\SYSTEM32;C:\WINDOWS\WinSxS\amd64_microsoft.windows.common-controls_6595b64144ccf1df_6.0.19041.1110_none_60b5254171f9507e;C:\Program Files\Eclipse Adoptium\jdk-11.0.16.8-hotspot\bin\server;C:\Program Files\JetBrains\IntelliJ IDEA Community Edition 2022.2.1\bin;C:\Users\\AppData\Local\Temp

VM Arguments:
jvm_args: -Dmaven.multiModuleProjectDirectory=D:\IdeaProjects\statistics -Dmaven.home=C:\Program Files\JetBrains\IntelliJ IDEA Community Edition 2022.2.1\plugins\maven\lib\maven3 -Dclassworlds.conf=C:\Program Files\JetBrains\IntelliJ IDEA Community Edition 2022.2.1\plugins\maven\lib\maven3\bin\m2.conf -Dmaven.ext.class.path=C:\Program Files\JetBrains\IntelliJ IDEA Community Edition 2022.2.1\plugins\maven\lib\maven-event-listener.jar -javaagent:C:\Program Files\JetBrains\IntelliJ IDEA Community Edition 2022.2.1\lib\idea_rt.jar=59901:C:\Program Files\JetBrains\IntelliJ IDEA Community Edition 2022.2.1\bin -Dfile.encoding=UTF-8 
java_command: org.codehaus.classworlds.Launcher -Didea.version=2022.2.1 clean verify
java_class_path (initial): C:\Program Files\JetBrains\IntelliJ IDEA Community Edition 2022.2.1\plugins\maven\lib\maven3\boot\plexus-classworlds-2.6.0.jar;C:\Program Files\JetBrains\IntelliJ IDEA Community Edition 2022.2.1\plugins\maven\lib\maven3\boot\plexus-classworlds.license
Launcher Type: SUN_STANDARD

[Global flags]
     intx CICompilerCount                          = 3                                         {product} {ergonomic}
     uint ConcGCThreads                            = 1                                         {product} {ergonomic}
     uint G1ConcRefinementThreads                  = 4                                         {product} {ergonomic}
   size_t G1HeapRegionSize                         = 1048576                                   {product} {ergonomic}
    uintx GCDrainStackTargetSize                   = 64                                        {product} {ergonomic}
   size_t InitialHeapSize                          = 100663296                                 {product} {ergonomic}
   size_t MarkStackSize                            = 4194304                                   {product} {ergonomic}
   size_t MaxHeapSize                              = 1585446912                                {product} {ergonomic}
   size_t MaxNewSize                               = 951058432                                 {product} {ergonomic}
   size_t MinHeapDeltaBytes                        = 1048576                                   {product} {ergonomic}
    uintx NonNMethodCodeHeapSize                   = 5830732                                {pd product} {ergonomic}
    uintx NonProfiledCodeHeapSize                  = 122913754                              {pd product} {ergonomic}
    uintx ProfiledCodeHeapSize                     = 122913754                              {pd product} {ergonomic}
    uintx ReservedCodeCacheSize                    = 251658240                              {pd product} {ergonomic}
     bool SegmentedCodeCache                       = true                                      {product} {ergonomic}
     bool UseCompressedClassPointers               = true                                 {lp64_product} {ergonomic}
     bool UseCompressedOops                        = true                                 {lp64_product} {ergonomic}
     bool UseG1GC                                  = true                                      {product} {ergonomic}
     bool UseLargePagesIndividualAllocation        = false                                  {pd product} {ergonomic}

Logging:
Log output configuration:
 #0: stdout all=warning uptime,level,tags
 #1: stderr all=off uptime,level,tags

Environment Variables:
PATH=C:\Program Files\Eclipse Adoptium\jdk-11.0.16.8-hotspot\bin;C:\WINDOWS\system32;C:\WINDOWS;C:\WINDOWS\System32\Wbem;C:\WINDOWS\System32\WindowsPowerShell\v1.0\;C:\WINDOWS\System32\OpenSSH\;C:\Program Files\Git\cmd;C:\Users\\AppData\Local\Microsoft\WindowsApps;;D:\Microsoft VS Code\bin
USERNAME=
OS=Windows_NT
PROCESSOR_IDENTIFIER=Intel64 Family 6 Model 61 Stepping 4, GenuineIntel
TMP=C:\Users\\AppData\Local\Temp
TEMP=C:\Users\\AppData\Local\Temp



---------------  S Y S T E M  ---------------

OS: Windows 10 , 64 bit Build 19041 (10.0.19041.1889)
OS uptime: 4 days 13:49 hours

CPU:total 4 (initial active 4) (2 cores per cpu, 2 threads per core) family 6 model 61 stepping 4 microcode 0x2d, cmov, cx8, fxsr, mmx, sse, sse2, sse3, ssse3, sse4.1, sse4.2, popcnt, avx, avx2, aes, clmul, erms, 3dnowpref, lzcnt, ht, tsc, tscinvbit, bmi1, bmi2, adx, fma

Memory: 4k page, system-wide physical 6043M (385M free)
TotalPageFile size 6043M (AvailPageFile size 4M)
current process WorkingSet (physical memory assigned to process): 92M, peak: 92M
current process commit charge ("private bytes"): 192M, peak: 193M

vm_info: OpenJDK 64-Bit Server VM (11.0.16+8) for windows-amd64 JRE (11.0.16+8), built on Jul 20 2022 07:15:32 by "" with MS VC++ 15.9 (VS2017)

END.
